{"/Users/harmindervirk/workspace/dawn/edge-repos/edge/japaFile.js":{"path":"/Users/harmindervirk/workspace/dawn/edge-repos/edge/japaFile.js","statementMap":{"0":{"start":{"line":3,"column":12},"end":{"line":3,"column":31}},"1":{"start":{"line":4,"column":0},"end":{"line":4,"column":28}},"2":{"start":{"line":5,"column":0},"end":{"line":5,"column":37}}},"fnMap":{},"branchMap":{},"s":{"0":1,"1":1,"2":1},"f":{},"b":{},"_coverageSchema":"332fd63041d2c1bcb487cc26dd0d5f7d97098a6c","hash":"6cf0b3b6dab9e06df5815422cffbe302e6470860","contentHash":"22134a2c95f3a80cedad866c3ce9a332_11.0.2"},"/Users/harmindervirk/workspace/dawn/edge-repos/edge/src/Lexer/index.js":{"path":"/Users/harmindervirk/workspace/dawn/edge-repos/edge/src/Lexer/index.js","statementMap":{"0":{"start":{"line":12,"column":16},"end":{"line":12,"column":34}},"1":{"start":{"line":13,"column":10},"end":{"line":13,"column":27}},"2":{"start":{"line":14,"column":14},"end":{"line":14,"column":44}},"3":{"start":{"line":15,"column":20},"end":{"line":15,"column":45}},"4":{"start":{"line":16,"column":19},"end":{"line":16,"column":43}},"5":{"start":{"line":17,"column":11},"end":{"line":17,"column":35}},"6":{"start":{"line":23,"column":2},"end":{"line":25,"column":23}},"7":{"start":{"line":43,"column":4},"end":{"line":43,"column":66}},"8":{"start":{"line":55,"column":4},"end":{"line":55,"column":33}},"9":{"start":{"line":67,"column":4},"end":{"line":67,"column":37}},"10":{"start":{"line":79,"column":4},"end":{"line":79,"column":32}},"11":{"start":{"line":91,"column":4},"end":{"line":91,"column":34}},"12":{"start":{"line":104,"column":4},"end":{"line":104,"column":36}},"13":{"start":{"line":116,"column":4},"end":{"line":116,"column":36}},"14":{"start":{"line":128,"column":4},"end":{"line":128,"column":32}},"15":{"start":{"line":140,"column":4},"end":{"line":140,"column":31}},"16":{"start":{"line":153,"column":4},"end":{"line":153,"column":35}},"17":{"start":{"line":174,"column":4},"end":{"line":176,"column":5}},"18":{"start":{"line":175,"column":6},"end":{"line":175,"column":12}},"19":{"start":{"line":178,"column":4},"end":{"line":178,"column":74}},"20":{"start":{"line":193,"column":4},"end":{"line":193,"column":58}},"21":{"start":{"line":207,"column":4},"end":{"line":207,"column":54}},"22":{"start":{"line":225,"column":4},"end":{"line":225,"column":40}},"23":{"start":{"line":242,"column":4},"end":{"line":242,"column":50}},"24":{"start":{"line":244,"column":4},"end":{"line":244,"column":61}},"25":{"start":{"line":246,"column":4},"end":{"line":248,"column":5}},"26":{"start":{"line":247,"column":6},"end":{"line":247,"column":52}},"27":{"start":{"line":250,"column":4},"end":{"line":250,"column":64}},"28":{"start":{"line":267,"column":4},"end":{"line":267,"column":40}},"29":{"start":{"line":269,"column":4},"end":{"line":269,"column":62}},"30":{"start":{"line":271,"column":4},"end":{"line":275,"column":5}},"31":{"start":{"line":272,"column":33},"end":{"line":272,"column":71}},"32":{"start":{"line":273,"column":6},"end":{"line":273,"column":42}},"33":{"start":{"line":274,"column":6},"end":{"line":274,"column":31}},"34":{"start":{"line":277,"column":4},"end":{"line":277,"column":65}},"35":{"start":{"line":293,"column":4},"end":{"line":293,"column":52}},"36":{"start":{"line":295,"column":4},"end":{"line":302,"column":5}},"37":{"start":{"line":296,"column":6},"end":{"line":298,"column":7}},"38":{"start":{"line":297,"column":8},"end":{"line":297,"column":55}},"39":{"start":{"line":299,"column":6},"end":{"line":299,"column":54}},"40":{"start":{"line":301,"column":6},"end":{"line":301,"column":50}},"41":{"start":{"line":306,"column":0},"end":{"line":306,"column":22}}},"fnMap":{"0":{"name":"_toEsprima","decl":{"start":{"line":22,"column":9},"end":{"line":22,"column":19}},"loc":{"start":{"line":22,"column":32},"end":{"line":26,"column":1}},"line":22},"1":{"name":"(anonymous_1)","decl":{"start":{"line":38,"column":2},"end":{"line":38,"column":3}},"loc":{"start":{"line":38,"column":24},"end":{"line":44,"column":3}},"line":38},"2":{"name":"(anonymous_2)","decl":{"start":{"line":54,"column":2},"end":{"line":54,"column":3}},"loc":{"start":{"line":54,"column":19},"end":{"line":56,"column":3}},"line":54},"3":{"name":"(anonymous_3)","decl":{"start":{"line":66,"column":2},"end":{"line":66,"column":3}},"loc":{"start":{"line":66,"column":18},"end":{"line":68,"column":3}},"line":66},"4":{"name":"(anonymous_4)","decl":{"start":{"line":78,"column":2},"end":{"line":78,"column":3}},"loc":{"start":{"line":78,"column":16},"end":{"line":80,"column":3}},"line":78},"5":{"name":"(anonymous_5)","decl":{"start":{"line":90,"column":2},"end":{"line":90,"column":3}},"loc":{"start":{"line":90,"column":20},"end":{"line":92,"column":3}},"line":90},"6":{"name":"(anonymous_6)","decl":{"start":{"line":103,"column":2},"end":{"line":103,"column":3}},"loc":{"start":{"line":103,"column":22},"end":{"line":105,"column":3}},"line":103},"7":{"name":"(anonymous_7)","decl":{"start":{"line":115,"column":2},"end":{"line":115,"column":3}},"loc":{"start":{"line":115,"column":22},"end":{"line":117,"column":3}},"line":115},"8":{"name":"(anonymous_8)","decl":{"start":{"line":127,"column":2},"end":{"line":127,"column":3}},"loc":{"start":{"line":127,"column":18},"end":{"line":129,"column":3}},"line":127},"9":{"name":"(anonymous_9)","decl":{"start":{"line":139,"column":2},"end":{"line":139,"column":3}},"loc":{"start":{"line":139,"column":25},"end":{"line":141,"column":3}},"line":139},"10":{"name":"(anonymous_10)","decl":{"start":{"line":152,"column":2},"end":{"line":152,"column":3}},"loc":{"start":{"line":152,"column":29},"end":{"line":154,"column":3}},"line":152},"11":{"name":"(anonymous_11)","decl":{"start":{"line":173,"column":2},"end":{"line":173,"column":3}},"loc":{"start":{"line":173,"column":41},"end":{"line":179,"column":3}},"line":173},"12":{"name":"(anonymous_12)","decl":{"start":{"line":192,"column":2},"end":{"line":192,"column":3}},"loc":{"start":{"line":192,"column":37},"end":{"line":194,"column":3}},"line":192},"13":{"name":"(anonymous_13)","decl":{"start":{"line":206,"column":2},"end":{"line":206,"column":3}},"loc":{"start":{"line":206,"column":21},"end":{"line":208,"column":3}},"line":206},"14":{"name":"(anonymous_14)","decl":{"start":{"line":224,"column":2},"end":{"line":224,"column":3}},"loc":{"start":{"line":224,"column":32},"end":{"line":226,"column":3}},"line":224},"15":{"name":"(anonymous_15)","decl":{"start":{"line":241,"column":2},"end":{"line":241,"column":3}},"loc":{"start":{"line":241,"column":44},"end":{"line":251,"column":3}},"line":241},"16":{"name":"(anonymous_16)","decl":{"start":{"line":266,"column":2},"end":{"line":266,"column":3}},"loc":{"start":{"line":266,"column":45},"end":{"line":278,"column":3}},"line":266},"17":{"name":"(anonymous_17)","decl":{"start":{"line":292,"column":2},"end":{"line":292,"column":3}},"loc":{"start":{"line":292,"column":35},"end":{"line":303,"column":3}},"line":292}},"branchMap":{"0":{"loc":{"start":{"line":43,"column":22},"end":{"line":43,"column":66}},"type":"cond-expr","locations":[{"start":{"line":43,"column":32},"end":{"line":43,"column":53}},{"start":{"line":43,"column":56},"end":{"line":43,"column":66}}],"line":43},"1":{"loc":{"start":{"line":174,"column":4},"end":{"line":176,"column":5}},"type":"if","locations":[{"start":{"line":174,"column":4},"end":{"line":176,"column":5}},{"start":{"line":174,"column":4},"end":{"line":176,"column":5}}],"line":174},"2":{"loc":{"start":{"line":174,"column":8},"end":{"line":174,"column":56}},"type":"binary-expr","locations":[{"start":{"line":174,"column":8},"end":{"line":174,"column":24}},{"start":{"line":174,"column":28},"end":{"line":174,"column":56}}],"line":174},"3":{"loc":{"start":{"line":192,"column":23},"end":{"line":192,"column":35}},"type":"default-arg","locations":[{"start":{"line":192,"column":33},"end":{"line":192,"column":35}}],"line":192},"4":{"loc":{"start":{"line":207,"column":11},"end":{"line":207,"column":54}},"type":"binary-expr","locations":[{"start":{"line":207,"column":11},"end":{"line":207,"column":32}},{"start":{"line":207,"column":36},"end":{"line":207,"column":54}}],"line":207},"5":{"loc":{"start":{"line":241,"column":30},"end":{"line":241,"column":42}},"type":"default-arg","locations":[{"start":{"line":241,"column":40},"end":{"line":241,"column":42}}],"line":241},"6":{"loc":{"start":{"line":246,"column":4},"end":{"line":248,"column":5}},"type":"if","locations":[{"start":{"line":246,"column":4},"end":{"line":248,"column":5}},{"start":{"line":246,"column":4},"end":{"line":248,"column":5}}],"line":246},"7":{"loc":{"start":{"line":266,"column":31},"end":{"line":266,"column":43}},"type":"default-arg","locations":[{"start":{"line":266,"column":41},"end":{"line":266,"column":43}}],"line":266},"8":{"loc":{"start":{"line":271,"column":4},"end":{"line":275,"column":5}},"type":"if","locations":[{"start":{"line":271,"column":4},"end":{"line":275,"column":5}},{"start":{"line":271,"column":4},"end":{"line":275,"column":5}}],"line":271},"9":{"loc":{"start":{"line":292,"column":21},"end":{"line":292,"column":33}},"type":"default-arg","locations":[{"start":{"line":292,"column":31},"end":{"line":292,"column":33}}],"line":292},"10":{"loc":{"start":{"line":296,"column":6},"end":{"line":298,"column":7}},"type":"if","locations":[{"start":{"line":296,"column":6},"end":{"line":298,"column":7}},{"start":{"line":296,"column":6},"end":{"line":298,"column":7}}],"line":296}},"s":{"0":1,"1":1,"2":1,"3":1,"4":1,"5":1,"6":107,"7":139,"8":0,"9":72,"10":24,"11":20,"12":44,"13":20,"14":97,"15":23,"16":20,"17":967,"18":954,"19":13,"20":290,"21":836,"22":81,"23":713,"24":713,"25":709,"26":709,"27":0,"28":254,"29":254,"30":245,"31":245,"32":245,"33":245,"34":0,"35":833,"36":833,"37":833,"38":579,"39":254,"40":13,"41":1},"f":{"0":107,"1":139,"2":0,"3":72,"4":24,"5":20,"6":44,"7":20,"8":97,"9":23,"10":20,"11":967,"12":290,"13":836,"14":81,"15":713,"16":254,"17":833},"b":{"0":[1,138],"1":[954,13],"2":[967,144],"3":[145],"4":[836,478],"5":[134],"6":[709,0],"7":[0],"8":[245,0],"9":[544],"10":[579,254]},"_coverageSchema":"332fd63041d2c1bcb487cc26dd0d5f7d97098a6c","hash":"9a1bebbbff1e153970aa4aac463d940eb5f1ed55","contentHash":"52981722e8e90f5f806c9b65f45d6aee_11.0.2"},"/Users/harmindervirk/workspace/dawn/edge-repos/edge/src/Expressions/index.js":{"path":"/Users/harmindervirk/workspace/dawn/edge-repos/edge/src/Expressions/index.js","statementMap":{"0":{"start":{"line":12,"column":0},"end":{"line":23,"column":1}}},"fnMap":{},"branchMap":{},"s":{"0":1},"f":{},"b":{},"_coverageSchema":"332fd63041d2c1bcb487cc26dd0d5f7d97098a6c","hash":"7f088f921ddab2e68199b936434c50602735f237","contentHash":"672e9df926b72fde987b3cf8a9eea9b2_11.0.2"},"/Users/harmindervirk/workspace/dawn/edge-repos/edge/src/Expressions/MemberExpression.js":{"path":"/Users/harmindervirk/workspace/dawn/edge-repos/edge/src/Expressions/MemberExpression.js","statementMap":{"0":{"start":{"line":12,"column":23},"end":{"line":12,"column":50}},"1":{"start":{"line":31,"column":4},"end":{"line":31,"column":16}},"2":{"start":{"line":32,"column":4},"end":{"line":36,"column":5}},"3":{"start":{"line":40,"column":4},"end":{"line":44,"column":5}},"4":{"start":{"line":41,"column":6},"end":{"line":41,"column":38}},"5":{"start":{"line":43,"column":6},"end":{"line":43,"column":60}},"6":{"start":{"line":46,"column":4},"end":{"line":49,"column":6}},"7":{"start":{"line":64,"column":4},"end":{"line":64,"column":33}},"8":{"start":{"line":76,"column":4},"end":{"line":76,"column":62}},"9":{"start":{"line":88,"column":4},"end":{"line":88,"column":31}},"10":{"start":{"line":102,"column":22},"end":{"line":102,"column":77}},"11":{"start":{"line":103,"column":4},"end":{"line":103,"column":92}},"12":{"start":{"line":114,"column":19},"end":{"line":114,"column":43}},"13":{"start":{"line":115,"column":20},"end":{"line":115,"column":40}},"14":{"start":{"line":116,"column":4},"end":{"line":116,"column":100}},"15":{"start":{"line":120,"column":0},"end":{"line":120,"column":33}}},"fnMap":{"0":{"name":"(anonymous_0)","decl":{"start":{"line":30,"column":2},"end":{"line":30,"column":3}},"loc":{"start":{"line":30,"column":22},"end":{"line":37,"column":3}},"line":30},"1":{"name":"(anonymous_1)","decl":{"start":{"line":39,"column":2},"end":{"line":39,"column":3}},"loc":{"start":{"line":39,"column":24},"end":{"line":50,"column":3}},"line":39},"2":{"name":"(anonymous_2)","decl":{"start":{"line":63,"column":2},"end":{"line":63,"column":3}},"loc":{"start":{"line":63,"column":21},"end":{"line":65,"column":3}},"line":63},"3":{"name":"(anonymous_3)","decl":{"start":{"line":75,"column":2},"end":{"line":75,"column":3}},"loc":{"start":{"line":75,"column":23},"end":{"line":77,"column":3}},"line":75},"4":{"name":"(anonymous_4)","decl":{"start":{"line":87,"column":2},"end":{"line":87,"column":3}},"loc":{"start":{"line":87,"column":16},"end":{"line":89,"column":3}},"line":87},"5":{"name":"(anonymous_5)","decl":{"start":{"line":101,"column":2},"end":{"line":101,"column":3}},"loc":{"start":{"line":101,"column":29},"end":{"line":104,"column":3}},"line":101},"6":{"name":"(anonymous_6)","decl":{"start":{"line":113,"column":2},"end":{"line":113,"column":3}},"loc":{"start":{"line":113,"column":17},"end":{"line":117,"column":3}},"line":113}},"branchMap":{"0":{"loc":{"start":{"line":40,"column":4},"end":{"line":44,"column":5}},"type":"if","locations":[{"start":{"line":40,"column":4},"end":{"line":44,"column":5}},{"start":{"line":40,"column":4},"end":{"line":44,"column":5}}],"line":40},"1":{"loc":{"start":{"line":103,"column":11},"end":{"line":103,"column":92}},"type":"cond-expr","locations":[{"start":{"line":103,"column":64},"end":{"line":103,"column":80}},{"start":{"line":103,"column":83},"end":{"line":103,"column":92}}],"line":103},"2":{"loc":{"start":{"line":103,"column":11},"end":{"line":103,"column":61}},"type":"binary-expr","locations":[{"start":{"line":103,"column":11},"end":{"line":103,"column":41}},{"start":{"line":103,"column":45},"end":{"line":103,"column":61}}],"line":103}},"s":{"0":1,"1":90,"2":90,"3":95,"4":7,"5":88,"6":95,"7":88,"8":80,"9":10,"10":75,"11":75,"12":70,"13":70,"14":70,"15":1},"f":{"0":90,"1":95,"2":88,"3":80,"4":10,"5":75,"6":70},"b":{"0":[7,88],"1":[66,9],"2":[75,71]},"_coverageSchema":"332fd63041d2c1bcb487cc26dd0d5f7d97098a6c","hash":"3304b7b01f28c2b91ecc2535befb64cb6b1b8805","contentHash":"e2beea1fa24450cf1c4e44b506707824_11.0.2"},"/Users/harmindervirk/workspace/dawn/edge-repos/edge/src/Expressions/BaseExpression.js":{"path":"/Users/harmindervirk/workspace/dawn/edge-repos/edge/src/Expressions/BaseExpression.js","statementMap":{"0":{"start":{"line":22,"column":4},"end":{"line":22,"column":23}},"1":{"start":{"line":33,"column":4},"end":{"line":33,"column":28}},"2":{"start":{"line":45,"column":4},"end":{"line":45,"column":32}},"3":{"start":{"line":57,"column":4},"end":{"line":57,"column":23}},"4":{"start":{"line":74,"column":4},"end":{"line":76,"column":5}},"5":{"start":{"line":75,"column":6},"end":{"line":75,"column":37}},"6":{"start":{"line":77,"column":4},"end":{"line":77,"column":46}},"7":{"start":{"line":88,"column":4},"end":{"line":88,"column":84}},"8":{"start":{"line":92,"column":0},"end":{"line":92,"column":31}}},"fnMap":{"0":{"name":"(anonymous_0)","decl":{"start":{"line":21,"column":2},"end":{"line":21,"column":3}},"loc":{"start":{"line":21,"column":22},"end":{"line":23,"column":3}},"line":21},"1":{"name":"(anonymous_1)","decl":{"start":{"line":32,"column":2},"end":{"line":32,"column":3}},"loc":{"start":{"line":32,"column":14},"end":{"line":34,"column":3}},"line":32},"2":{"name":"(anonymous_2)","decl":{"start":{"line":44,"column":2},"end":{"line":44,"column":3}},"loc":{"start":{"line":44,"column":22},"end":{"line":46,"column":3}},"line":44},"3":{"name":"(anonymous_3)","decl":{"start":{"line":56,"column":2},"end":{"line":56,"column":3}},"loc":{"start":{"line":56,"column":16},"end":{"line":58,"column":3}},"line":56},"4":{"name":"(anonymous_4)","decl":{"start":{"line":73,"column":2},"end":{"line":73,"column":3}},"loc":{"start":{"line":73,"column":47},"end":{"line":78,"column":3}},"line":73},"5":{"name":"(anonymous_5)","decl":{"start":{"line":87,"column":2},"end":{"line":87,"column":3}},"loc":{"start":{"line":87,"column":11},"end":{"line":89,"column":3}},"line":87}},"branchMap":{"0":{"loc":{"start":{"line":74,"column":4},"end":{"line":76,"column":5}},"type":"if","locations":[{"start":{"line":74,"column":4},"end":{"line":76,"column":5}},{"start":{"line":74,"column":4},"end":{"line":76,"column":5}}],"line":74}},"s":{"0":362,"1":109,"2":21,"3":203,"4":470,"5":154,"6":316,"7":0,"8":1},"f":{"0":362,"1":109,"2":21,"3":203,"4":470,"5":0},"b":{"0":[154,316]},"_coverageSchema":"332fd63041d2c1bcb487cc26dd0d5f7d97098a6c","hash":"f2dfa2d738c2ddfec06b46b8763b47aab00d6f21","contentHash":"85c7ec7d7da5a4b51e8d2c118725757d_11.0.2"},"/Users/harmindervirk/workspace/dawn/edge-repos/edge/src/Expressions/ArrayExpression.js":{"path":"/Users/harmindervirk/workspace/dawn/edge-repos/edge/src/Expressions/ArrayExpression.js","statementMap":{"0":{"start":{"line":12,"column":23},"end":{"line":12,"column":50}},"1":{"start":{"line":24,"column":4},"end":{"line":24,"column":16}},"2":{"start":{"line":25,"column":4},"end":{"line":28,"column":5}},"3":{"start":{"line":43,"column":4},"end":{"line":43,"column":91}},"4":{"start":{"line":43,"column":64},"end":{"line":43,"column":90}},"5":{"start":{"line":55,"column":19},"end":{"line":55,"column":95}},"6":{"start":{"line":55,"column":56},"end":{"line":55,"column":94}},"7":{"start":{"line":56,"column":4},"end":{"line":56,"column":24}},"8":{"start":{"line":60,"column":0},"end":{"line":60,"column":32}}},"fnMap":{"0":{"name":"(anonymous_0)","decl":{"start":{"line":23,"column":2},"end":{"line":23,"column":3}},"loc":{"start":{"line":23,"column":22},"end":{"line":29,"column":3}},"line":23},"1":{"name":"(anonymous_1)","decl":{"start":{"line":42,"column":2},"end":{"line":42,"column":3}},"loc":{"start":{"line":42,"column":21},"end":{"line":44,"column":3}},"line":42},"2":{"name":"(anonymous_2)","decl":{"start":{"line":43,"column":51},"end":{"line":43,"column":52}},"loc":{"start":{"line":43,"column":64},"end":{"line":43,"column":90}},"line":43},"3":{"name":"(anonymous_3)","decl":{"start":{"line":54,"column":2},"end":{"line":54,"column":3}},"loc":{"start":{"line":54,"column":17},"end":{"line":57,"column":3}},"line":54},"4":{"name":"(anonymous_4)","decl":{"start":{"line":55,"column":44},"end":{"line":55,"column":45}},"loc":{"start":{"line":55,"column":56},"end":{"line":55,"column":94}},"line":55}},"branchMap":{},"s":{"0":1,"1":21,"2":21,"3":19,"4":34,"5":13,"6":22,"7":13,"8":1},"f":{"0":21,"1":19,"2":34,"3":13,"4":22},"b":{},"_coverageSchema":"332fd63041d2c1bcb487cc26dd0d5f7d97098a6c","hash":"18ba0adec89db05a23ffe420539d7be41bf60ada","contentHash":"a1eef21bd116c87c5c584eee7b9a36c9_11.0.2"},"/Users/harmindervirk/workspace/dawn/edge-repos/edge/src/Expressions/BinaryExpression.js":{"path":"/Users/harmindervirk/workspace/dawn/edge-repos/edge/src/Expressions/BinaryExpression.js","statementMap":{"0":{"start":{"line":12,"column":23},"end":{"line":12,"column":50}},"1":{"start":{"line":32,"column":4},"end":{"line":32,"column":16}},"2":{"start":{"line":34,"column":4},"end":{"line":41,"column":5}},"3":{"start":{"line":56,"column":4},"end":{"line":56,"column":59}},"4":{"start":{"line":73,"column":4},"end":{"line":73,"column":78}},"5":{"start":{"line":88,"column":4},"end":{"line":88,"column":47}},"6":{"start":{"line":89,"column":4},"end":{"line":89,"column":57}},"7":{"start":{"line":90,"column":4},"end":{"line":90,"column":58}},"8":{"start":{"line":92,"column":4},"end":{"line":92,"column":85}},"9":{"start":{"line":93,"column":4},"end":{"line":93,"column":86}},"10":{"start":{"line":102,"column":14},"end":{"line":102,"column":62}},"11":{"start":{"line":103,"column":4},"end":{"line":105,"column":5}},"12":{"start":{"line":104,"column":6},"end":{"line":104,"column":22}},"13":{"start":{"line":106,"column":4},"end":{"line":106,"column":14}},"14":{"start":{"line":115,"column":14},"end":{"line":115,"column":62}},"15":{"start":{"line":116,"column":4},"end":{"line":118,"column":5}},"16":{"start":{"line":117,"column":6},"end":{"line":117,"column":22}},"17":{"start":{"line":119,"column":4},"end":{"line":119,"column":14}},"18":{"start":{"line":130,"column":4},"end":{"line":130,"column":83}},"19":{"start":{"line":134,"column":0},"end":{"line":134,"column":33}}},"fnMap":{"0":{"name":"(anonymous_0)","decl":{"start":{"line":31,"column":2},"end":{"line":31,"column":3}},"loc":{"start":{"line":31,"column":22},"end":{"line":42,"column":3}},"line":31},"1":{"name":"(anonymous_1)","decl":{"start":{"line":55,"column":2},"end":{"line":55,"column":3}},"loc":{"start":{"line":55,"column":35},"end":{"line":57,"column":3}},"line":55},"2":{"name":"(anonymous_2)","decl":{"start":{"line":72,"column":2},"end":{"line":72,"column":3}},"loc":{"start":{"line":72,"column":30},"end":{"line":74,"column":3}},"line":72},"3":{"name":"(anonymous_3)","decl":{"start":{"line":87,"column":2},"end":{"line":87,"column":3}},"loc":{"start":{"line":87,"column":21},"end":{"line":94,"column":3}},"line":87},"4":{"name":"(anonymous_4)","decl":{"start":{"line":101,"column":2},"end":{"line":101,"column":3}},"loc":{"start":{"line":101,"column":18},"end":{"line":107,"column":3}},"line":101},"5":{"name":"(anonymous_5)","decl":{"start":{"line":114,"column":2},"end":{"line":114,"column":3}},"loc":{"start":{"line":114,"column":18},"end":{"line":120,"column":3}},"line":114},"6":{"name":"(anonymous_6)","decl":{"start":{"line":129,"column":2},"end":{"line":129,"column":3}},"loc":{"start":{"line":129,"column":17},"end":{"line":131,"column":3}},"line":129}},"branchMap":{"0":{"loc":{"start":{"line":73,"column":11},"end":{"line":73,"column":78}},"type":"binary-expr","locations":[{"start":{"line":73,"column":11},"end":{"line":73,"column":38}},{"start":{"line":73,"column":42},"end":{"line":73,"column":78}}],"line":73},"1":{"loc":{"start":{"line":103,"column":4},"end":{"line":105,"column":5}},"type":"if","locations":[{"start":{"line":103,"column":4},"end":{"line":105,"column":5}},{"start":{"line":103,"column":4},"end":{"line":105,"column":5}}],"line":103},"2":{"loc":{"start":{"line":116,"column":4},"end":{"line":118,"column":5}},"type":"if","locations":[{"start":{"line":116,"column":4},"end":{"line":118,"column":5}},{"start":{"line":116,"column":4},"end":{"line":118,"column":5}}],"line":116}},"s":{"0":1,"1":70,"2":70,"3":9,"4":136,"5":68,"6":68,"7":68,"8":68,"9":68,"10":38,"11":38,"12":3,"13":38,"14":59,"15":59,"16":1,"17":59,"18":38,"19":1},"f":{"0":70,"1":9,"2":136,"3":68,"4":38,"5":59,"6":38},"b":{"0":[136,9],"1":[3,35],"2":[1,58]},"_coverageSchema":"332fd63041d2c1bcb487cc26dd0d5f7d97098a6c","hash":"2fc43477d301ffbaefafa3b6faa544090f14f649","contentHash":"9ec16141fef965ff9a7ea053593fd599_11.0.2"},"/Users/harmindervirk/workspace/dawn/edge-repos/edge/src/Expressions/SequenceExpression.js":{"path":"/Users/harmindervirk/workspace/dawn/edge-repos/edge/src/Expressions/SequenceExpression.js","statementMap":{"0":{"start":{"line":12,"column":23},"end":{"line":12,"column":50}},"1":{"start":{"line":31,"column":4},"end":{"line":31,"column":16}},"2":{"start":{"line":32,"column":4},"end":{"line":35,"column":5}},"3":{"start":{"line":50,"column":4},"end":{"line":50,"column":86}},"4":{"start":{"line":50,"column":63},"end":{"line":50,"column":85}},"5":{"start":{"line":63,"column":4},"end":{"line":65,"column":6}},"6":{"start":{"line":64,"column":6},"end":{"line":64,"column":71}},"7":{"start":{"line":78,"column":4},"end":{"line":80,"column":6}},"8":{"start":{"line":79,"column":6},"end":{"line":79,"column":74}},"9":{"start":{"line":84,"column":0},"end":{"line":84,"column":35}}},"fnMap":{"0":{"name":"(anonymous_0)","decl":{"start":{"line":30,"column":2},"end":{"line":30,"column":3}},"loc":{"start":{"line":30,"column":22},"end":{"line":36,"column":3}},"line":30},"1":{"name":"(anonymous_1)","decl":{"start":{"line":49,"column":2},"end":{"line":49,"column":3}},"loc":{"start":{"line":49,"column":21},"end":{"line":51,"column":3}},"line":49},"2":{"name":"(anonymous_2)","decl":{"start":{"line":50,"column":54},"end":{"line":50,"column":55}},"loc":{"start":{"line":50,"column":63},"end":{"line":50,"column":85}},"line":50},"3":{"name":"(anonymous_3)","decl":{"start":{"line":62,"column":2},"end":{"line":62,"column":3}},"loc":{"start":{"line":62,"column":14},"end":{"line":66,"column":3}},"line":62},"4":{"name":"(anonymous_4)","decl":{"start":{"line":63,"column":36},"end":{"line":63,"column":37}},"loc":{"start":{"line":63,"column":48},"end":{"line":65,"column":5}},"line":63},"5":{"name":"(anonymous_5)","decl":{"start":{"line":77,"column":2},"end":{"line":77,"column":3}},"loc":{"start":{"line":77,"column":17},"end":{"line":81,"column":3}},"line":77},"6":{"name":"(anonymous_6)","decl":{"start":{"line":78,"column":36},"end":{"line":78,"column":37}},"loc":{"start":{"line":78,"column":48},"end":{"line":80,"column":5}},"line":78}},"branchMap":{"0":{"loc":{"start":{"line":64,"column":13},"end":{"line":64,"column":71}},"type":"cond-expr","locations":[{"start":{"line":64,"column":31},"end":{"line":64,"column":48}},{"start":{"line":64,"column":51},"end":{"line":64,"column":71}}],"line":64},"1":{"loc":{"start":{"line":79,"column":13},"end":{"line":79,"column":74}},"type":"cond-expr","locations":[{"start":{"line":79,"column":34},"end":{"line":79,"column":54}},{"start":{"line":79,"column":57},"end":{"line":79,"column":74}}],"line":79}},"s":{"0":1,"1":36,"2":36,"3":34,"4":73,"5":3,"6":6,"7":17,"8":38,"9":1},"f":{"0":36,"1":34,"2":73,"3":3,"4":6,"5":17,"6":38},"b":{"0":[3,3],"1":[38,0]},"_coverageSchema":"332fd63041d2c1bcb487cc26dd0d5f7d97098a6c","hash":"b8755f0a6f33030b0dfe6b977209db9cc4c9ab6b","contentHash":"1d16dc0243b15c2dfab3d2f0620c5c7c_11.0.2"},"/Users/harmindervirk/workspace/dawn/edge-repos/edge/src/Expressions/ObjectExpression.js":{"path":"/Users/harmindervirk/workspace/dawn/edge-repos/edge/src/Expressions/ObjectExpression.js","statementMap":{"0":{"start":{"line":12,"column":23},"end":{"line":12,"column":50}},"1":{"start":{"line":25,"column":4},"end":{"line":25,"column":16}},"2":{"start":{"line":26,"column":4},"end":{"line":29,"column":5}},"3":{"start":{"line":45,"column":27},"end":{"line":45,"column":63}},"4":{"start":{"line":46,"column":4},"end":{"line":46,"column":118}},"5":{"start":{"line":61,"column":4},"end":{"line":61,"column":114}},"6":{"start":{"line":76,"column":4},"end":{"line":83,"column":6}},"7":{"start":{"line":77,"column":6},"end":{"line":82,"column":7}},"8":{"start":{"line":99,"column":4},"end":{"line":104,"column":6}},"9":{"start":{"line":100,"column":6},"end":{"line":103,"column":7}},"10":{"start":{"line":120,"column":21},"end":{"line":122,"column":6}},"11":{"start":{"line":121,"column":6},"end":{"line":121,"column":87}},"12":{"start":{"line":123,"column":4},"end":{"line":123,"column":26}},"13":{"start":{"line":127,"column":0},"end":{"line":127,"column":33}}},"fnMap":{"0":{"name":"(anonymous_0)","decl":{"start":{"line":24,"column":2},"end":{"line":24,"column":3}},"loc":{"start":{"line":24,"column":22},"end":{"line":30,"column":3}},"line":24},"1":{"name":"(anonymous_1)","decl":{"start":{"line":44,"column":2},"end":{"line":44,"column":3}},"loc":{"start":{"line":44,"column":19},"end":{"line":47,"column":3}},"line":44},"2":{"name":"(anonymous_2)","decl":{"start":{"line":60,"column":2},"end":{"line":60,"column":3}},"loc":{"start":{"line":60,"column":21},"end":{"line":62,"column":3}},"line":60},"3":{"name":"(anonymous_3)","decl":{"start":{"line":75,"column":2},"end":{"line":75,"column":3}},"loc":{"start":{"line":75,"column":21},"end":{"line":84,"column":3}},"line":75},"4":{"name":"(anonymous_4)","decl":{"start":{"line":76,"column":53},"end":{"line":76,"column":54}},"loc":{"start":{"line":76,"column":67},"end":{"line":83,"column":5}},"line":76},"5":{"name":"(anonymous_5)","decl":{"start":{"line":98,"column":2},"end":{"line":98,"column":3}},"loc":{"start":{"line":98,"column":14},"end":{"line":105,"column":3}},"line":98},"6":{"name":"(anonymous_6)","decl":{"start":{"line":99,"column":36},"end":{"line":99,"column":37}},"loc":{"start":{"line":99,"column":48},"end":{"line":104,"column":5}},"line":99},"7":{"name":"(anonymous_7)","decl":{"start":{"line":119,"column":2},"end":{"line":119,"column":3}},"loc":{"start":{"line":119,"column":17},"end":{"line":124,"column":3}},"line":119},"8":{"name":"(anonymous_8)","decl":{"start":{"line":120,"column":46},"end":{"line":120,"column":47}},"loc":{"start":{"line":120,"column":58},"end":{"line":122,"column":5}},"line":120}},"branchMap":{"0":{"loc":{"start":{"line":45,"column":27},"end":{"line":45,"column":63}},"type":"binary-expr","locations":[{"start":{"line":45,"column":27},"end":{"line":45,"column":42}},{"start":{"line":45,"column":46},"end":{"line":45,"column":63}}],"line":45},"1":{"loc":{"start":{"line":46,"column":11},"end":{"line":46,"column":118}},"type":"cond-expr","locations":[{"start":{"line":46,"column":28},"end":{"line":46,"column":78}},{"start":{"line":46,"column":81},"end":{"line":46,"column":118}}],"line":46},"2":{"loc":{"start":{"line":61,"column":11},"end":{"line":61,"column":114}},"type":"cond-expr","locations":[{"start":{"line":61,"column":44},"end":{"line":61,"column":67}},{"start":{"line":61,"column":70},"end":{"line":61,"column":114}}],"line":61}},"s":{"0":1,"1":39,"2":39,"3":29,"4":29,"5":14,"6":37,"7":39,"8":13,"9":14,"10":14,"11":15,"12":14,"13":1},"f":{"0":39,"1":29,"2":14,"3":37,"4":39,"5":13,"6":14,"7":14,"8":15},"b":{"0":[29,1],"1":[1,28],"2":[1,13]},"_coverageSchema":"332fd63041d2c1bcb487cc26dd0d5f7d97098a6c","hash":"0ea77e040e1147543000a7c60d92357b7ba74cf2","contentHash":"23535a3e9da9c8f89d2af4605c5924eb_11.0.2"},"/Users/harmindervirk/workspace/dawn/edge-repos/edge/src/Expressions/AssignmentExpression.js":{"path":"/Users/harmindervirk/workspace/dawn/edge-repos/edge/src/Expressions/AssignmentExpression.js","statementMap":{"0":{"start":{"line":12,"column":23},"end":{"line":12,"column":50}},"1":{"start":{"line":30,"column":4},"end":{"line":30,"column":16}},"2":{"start":{"line":31,"column":4},"end":{"line":36,"column":5}},"3":{"start":{"line":51,"column":4},"end":{"line":51,"column":57}},"4":{"start":{"line":52,"column":4},"end":{"line":52,"column":58}},"5":{"start":{"line":68,"column":4},"end":{"line":71,"column":5}},"6":{"start":{"line":87,"column":21},"end":{"line":87,"column":36}},"7":{"start":{"line":88,"column":4},"end":{"line":88,"column":49}},"8":{"start":{"line":92,"column":0},"end":{"line":92,"column":37}}},"fnMap":{"0":{"name":"(anonymous_0)","decl":{"start":{"line":29,"column":2},"end":{"line":29,"column":3}},"loc":{"start":{"line":29,"column":22},"end":{"line":37,"column":3}},"line":29},"1":{"name":"(anonymous_1)","decl":{"start":{"line":50,"column":2},"end":{"line":50,"column":3}},"loc":{"start":{"line":50,"column":21},"end":{"line":53,"column":3}},"line":50},"2":{"name":"(anonymous_2)","decl":{"start":{"line":67,"column":2},"end":{"line":67,"column":3}},"loc":{"start":{"line":67,"column":14},"end":{"line":72,"column":3}},"line":67},"3":{"name":"(anonymous_3)","decl":{"start":{"line":86,"column":2},"end":{"line":86,"column":3}},"loc":{"start":{"line":86,"column":17},"end":{"line":89,"column":3}},"line":86}},"branchMap":{},"s":{"0":1,"1":29,"2":29,"3":27,"4":27,"5":24,"6":16,"7":16,"8":1},"f":{"0":29,"1":27,"2":24,"3":16},"b":{},"_coverageSchema":"332fd63041d2c1bcb487cc26dd0d5f7d97098a6c","hash":"7488d984e95df79e49c88abb4119775fd465341e","contentHash":"5e805cdc69b8ffa474c4a7c519009bb7_11.0.2"},"/Users/harmindervirk/workspace/dawn/edge-repos/edge/src/Expressions/CallExpression.js":{"path":"/Users/harmindervirk/workspace/dawn/edge-repos/edge/src/Expressions/CallExpression.js","statementMap":{"0":{"start":{"line":12,"column":23},"end":{"line":12,"column":50}},"1":{"start":{"line":13,"column":11},"end":{"line":13,"column":35}},"2":{"start":{"line":37,"column":4},"end":{"line":37,"column":16}},"3":{"start":{"line":38,"column":4},"end":{"line":43,"column":5}},"4":{"start":{"line":58,"column":4},"end":{"line":60,"column":5}},"5":{"start":{"line":59,"column":6},"end":{"line":59,"column":82}},"6":{"start":{"line":62,"column":4},"end":{"line":62,"column":62}},"7":{"start":{"line":63,"column":4},"end":{"line":63,"column":81}},"8":{"start":{"line":63,"column":58},"end":{"line":63,"column":80}},"9":{"start":{"line":64,"column":4},"end":{"line":64,"column":88}},"10":{"start":{"line":75,"column":17},"end":{"line":75,"column":84}},"11":{"start":{"line":75,"column":48},"end":{"line":75,"column":83}},"12":{"start":{"line":76,"column":19},"end":{"line":76,"column":38}},"13":{"start":{"line":82,"column":4},"end":{"line":138,"column":5}},"14":{"start":{"line":86,"column":22},"end":{"line":86,"column":41}},"15":{"start":{"line":100,"column":25},"end":{"line":100,"column":38}},"16":{"start":{"line":107,"column":17},"end":{"line":107,"column":90}},"17":{"start":{"line":113,"column":32},"end":{"line":113,"column":58}},"18":{"start":{"line":120,"column":6},"end":{"line":122,"column":7}},"19":{"start":{"line":121,"column":8},"end":{"line":121,"column":43}},"20":{"start":{"line":136,"column":33},"end":{"line":136,"column":83}},"21":{"start":{"line":137,"column":6},"end":{"line":137,"column":91}},"22":{"start":{"line":150,"column":4},"end":{"line":150,"column":91}},"23":{"start":{"line":154,"column":0},"end":{"line":154,"column":31}}},"fnMap":{"0":{"name":"(anonymous_0)","decl":{"start":{"line":36,"column":2},"end":{"line":36,"column":3}},"loc":{"start":{"line":36,"column":22},"end":{"line":44,"column":3}},"line":36},"1":{"name":"(anonymous_1)","decl":{"start":{"line":57,"column":2},"end":{"line":57,"column":3}},"loc":{"start":{"line":57,"column":21},"end":{"line":65,"column":3}},"line":57},"2":{"name":"(anonymous_2)","decl":{"start":{"line":63,"column":49},"end":{"line":63,"column":50}},"loc":{"start":{"line":63,"column":58},"end":{"line":63,"column":80}},"line":63},"3":{"name":"(anonymous_3)","decl":{"start":{"line":74,"column":2},"end":{"line":74,"column":3}},"loc":{"start":{"line":74,"column":17},"end":{"line":151,"column":3}},"line":74},"4":{"name":"(anonymous_4)","decl":{"start":{"line":75,"column":39},"end":{"line":75,"column":40}},"loc":{"start":{"line":75,"column":48},"end":{"line":75,"column":83}},"line":75}},"branchMap":{"0":{"loc":{"start":{"line":58,"column":4},"end":{"line":60,"column":5}},"type":"if","locations":[{"start":{"line":58,"column":4},"end":{"line":60,"column":5}},{"start":{"line":58,"column":4},"end":{"line":60,"column":5}}],"line":58},"1":{"loc":{"start":{"line":58,"column":8},"end":{"line":58,"column":105}},"type":"binary-expr","locations":[{"start":{"line":58,"column":8},"end":{"line":58,"column":56}},{"start":{"line":58,"column":60},"end":{"line":58,"column":105}}],"line":58},"2":{"loc":{"start":{"line":82,"column":4},"end":{"line":138,"column":5}},"type":"if","locations":[{"start":{"line":82,"column":4},"end":{"line":138,"column":5}},{"start":{"line":82,"column":4},"end":{"line":138,"column":5}}],"line":82},"3":{"loc":{"start":{"line":120,"column":6},"end":{"line":122,"column":7}},"type":"if","locations":[{"start":{"line":120,"column":6},"end":{"line":122,"column":7}},{"start":{"line":120,"column":6},"end":{"line":122,"column":7}}],"line":120}},"s":{"0":1,"1":1,"2":41,"3":41,"4":39,"5":0,"6":39,"7":39,"8":26,"9":39,"10":34,"11":20,"12":34,"13":34,"14":10,"15":10,"16":10,"17":10,"18":10,"19":8,"20":2,"21":2,"22":24,"23":1},"f":{"0":41,"1":39,"2":26,"3":34,"4":20},"b":{"0":[0,39],"1":[39,11],"2":[10,24],"3":[8,2]},"_coverageSchema":"332fd63041d2c1bcb487cc26dd0d5f7d97098a6c","hash":"2b80bc10209c8e0631cf144bb5473fa452dc5e00","contentHash":"c728c0f89697cfe41627c36a9d01b152_11.0.2"},"/Users/harmindervirk/workspace/dawn/edge-repos/edge/src/Exceptions/index.js":{"path":"/Users/harmindervirk/workspace/dawn/edge-repos/edge/src/Exceptions/index.js","statementMap":{"0":{"start":{"line":12,"column":11},"end":{"line":12,"column":37}},"1":{"start":{"line":13,"column":10},"end":{"line":13,"column":27}},"2":{"start":{"line":44,"column":4},"end":{"line":44,"column":52}},"3":{"start":{"line":45,"column":17},"end":{"line":45,"column":53}},"4":{"start":{"line":47,"column":20},"end":{"line":47,"column":131}},"5":{"start":{"line":49,"column":4},"end":{"line":49,"column":68}},"6":{"start":{"line":65,"column":18},"end":{"line":65,"column":64}},"7":{"start":{"line":66,"column":4},"end":{"line":66,"column":25}},"8":{"start":{"line":67,"column":4},"end":{"line":67,"column":25}},"9":{"start":{"line":68,"column":4},"end":{"line":68,"column":16}},"10":{"start":{"line":86,"column":20},"end":{"line":86,"column":84}},"11":{"start":{"line":87,"column":18},"end":{"line":87,"column":64}},"12":{"start":{"line":88,"column":4},"end":{"line":88,"column":25}},"13":{"start":{"line":89,"column":4},"end":{"line":89,"column":25}},"14":{"start":{"line":90,"column":4},"end":{"line":90,"column":16}},"15":{"start":{"line":105,"column":18},"end":{"line":105,"column":92}},"16":{"start":{"line":106,"column":4},"end":{"line":106,"column":25}},"17":{"start":{"line":107,"column":4},"end":{"line":107,"column":25}},"18":{"start":{"line":108,"column":4},"end":{"line":108,"column":16}},"19":{"start":{"line":138,"column":20},"end":{"line":138,"column":123}},"20":{"start":{"line":139,"column":18},"end":{"line":139,"column":58}},"21":{"start":{"line":140,"column":4},"end":{"line":140,"column":25}},"22":{"start":{"line":141,"column":4},"end":{"line":141,"column":16}},"23":{"start":{"line":170,"column":20},"end":{"line":170,"column":74}},"24":{"start":{"line":171,"column":4},"end":{"line":171,"column":53}},"25":{"start":{"line":184,"column":4},"end":{"line":184,"column":55}},"26":{"start":{"line":207,"column":20},"end":{"line":207,"column":66}},"27":{"start":{"line":208,"column":4},"end":{"line":208,"column":51}},"28":{"start":{"line":223,"column":20},"end":{"line":223,"column":112}},"29":{"start":{"line":224,"column":4},"end":{"line":224,"column":56}},"30":{"start":{"line":238,"column":20},"end":{"line":238,"column":110}},"31":{"start":{"line":239,"column":4},"end":{"line":239,"column":56}},"32":{"start":{"line":254,"column":20},"end":{"line":254,"column":99}},"33":{"start":{"line":255,"column":4},"end":{"line":255,"column":51}},"34":{"start":{"line":269,"column":20},"end":{"line":269,"column":92}},"35":{"start":{"line":270,"column":4},"end":{"line":270,"column":51}},"36":{"start":{"line":274,"column":0},"end":{"line":279,"column":1}}},"fnMap":{"0":{"name":"(anonymous_0)","decl":{"start":{"line":43,"column":2},"end":{"line":43,"column":3}},"loc":{"start":{"line":43,"column":45},"end":{"line":50,"column":3}},"line":43},"1":{"name":"(anonymous_1)","decl":{"start":{"line":64,"column":2},"end":{"line":64,"column":3}},"loc":{"start":{"line":64,"column":43},"end":{"line":69,"column":3}},"line":64},"2":{"name":"(anonymous_2)","decl":{"start":{"line":85,"column":2},"end":{"line":85,"column":3}},"loc":{"start":{"line":85,"column":67},"end":{"line":91,"column":3}},"line":85},"3":{"name":"(anonymous_3)","decl":{"start":{"line":104,"column":2},"end":{"line":104,"column":3}},"loc":{"start":{"line":104,"column":59},"end":{"line":109,"column":3}},"line":104},"4":{"name":"(anonymous_4)","decl":{"start":{"line":137,"column":2},"end":{"line":137,"column":3}},"loc":{"start":{"line":137,"column":50},"end":{"line":142,"column":3}},"line":137},"5":{"name":"(anonymous_5)","decl":{"start":{"line":169,"column":2},"end":{"line":169,"column":3}},"loc":{"start":{"line":169,"column":45},"end":{"line":172,"column":3}},"line":169},"6":{"name":"(anonymous_6)","decl":{"start":{"line":183,"column":2},"end":{"line":183,"column":3}},"loc":{"start":{"line":183,"column":35},"end":{"line":185,"column":3}},"line":183},"7":{"name":"(anonymous_7)","decl":{"start":{"line":206,"column":2},"end":{"line":206,"column":3}},"loc":{"start":{"line":206,"column":36},"end":{"line":209,"column":3}},"line":206},"8":{"name":"(anonymous_8)","decl":{"start":{"line":222,"column":2},"end":{"line":222,"column":3}},"loc":{"start":{"line":222,"column":52},"end":{"line":225,"column":3}},"line":222},"9":{"name":"(anonymous_9)","decl":{"start":{"line":237,"column":2},"end":{"line":237,"column":3}},"loc":{"start":{"line":237,"column":47},"end":{"line":240,"column":3}},"line":237},"10":{"name":"(anonymous_10)","decl":{"start":{"line":253,"column":2},"end":{"line":253,"column":3}},"loc":{"start":{"line":253,"column":42},"end":{"line":256,"column":3}},"line":253},"11":{"name":"(anonymous_11)","decl":{"start":{"line":268,"column":2},"end":{"line":268,"column":3}},"loc":{"start":{"line":268,"column":38},"end":{"line":271,"column":3}},"line":268}},"branchMap":{"0":{"loc":{"start":{"line":44,"column":11},"end":{"line":44,"column":52}},"type":"cond-expr","locations":[{"start":{"line":44,"column":35},"end":{"line":44,"column":39}},{"start":{"line":44,"column":42},"end":{"line":44,"column":52}}],"line":44},"1":{"loc":{"start":{"line":45,"column":17},"end":{"line":45,"column":53}},"type":"cond-expr","locations":[{"start":{"line":45,"column":41},"end":{"line":45,"column":45}},{"start":{"line":45,"column":48},"end":{"line":45,"column":53}}],"line":45}},"s":{"0":1,"1":1,"2":13,"3":13,"4":13,"5":13,"6":5,"7":5,"8":5,"9":5,"10":11,"11":11,"12":11,"13":11,"14":11,"15":0,"16":0,"17":0,"18":0,"19":1,"20":1,"21":1,"22":1,"23":0,"24":0,"25":0,"26":13,"27":13,"28":3,"29":3,"30":2,"31":2,"32":2,"33":2,"34":2,"35":2,"36":1},"f":{"0":13,"1":5,"2":11,"3":0,"4":1,"5":0,"6":0,"7":13,"8":3,"9":2,"10":2,"11":2},"b":{"0":[5,8],"1":[5,8]},"_coverageSchema":"332fd63041d2c1bcb487cc26dd0d5f7d97098a6c","hash":"f72c4d413bcfe6288161ccd7af903feeeb81c934","contentHash":"30d3ad7bd473624fb8ace4b9b379598b_11.0.2"},"/Users/harmindervirk/workspace/dawn/edge-repos/edge/src/Expressions/UnaryExpression.js":{"path":"/Users/harmindervirk/workspace/dawn/edge-repos/edge/src/Expressions/UnaryExpression.js","statementMap":{"0":{"start":{"line":12,"column":23},"end":{"line":12,"column":50}},"1":{"start":{"line":31,"column":4},"end":{"line":31,"column":16}},"2":{"start":{"line":32,"column":4},"end":{"line":36,"column":5}},"3":{"start":{"line":51,"column":4},"end":{"line":51,"column":47}},"4":{"start":{"line":52,"column":4},"end":{"line":52,"column":61}},"5":{"start":{"line":63,"column":4},"end":{"line":63,"column":87}},"6":{"start":{"line":67,"column":0},"end":{"line":67,"column":32}}},"fnMap":{"0":{"name":"(anonymous_0)","decl":{"start":{"line":30,"column":2},"end":{"line":30,"column":3}},"loc":{"start":{"line":30,"column":22},"end":{"line":37,"column":3}},"line":30},"1":{"name":"(anonymous_1)","decl":{"start":{"line":50,"column":2},"end":{"line":50,"column":3}},"loc":{"start":{"line":50,"column":21},"end":{"line":53,"column":3}},"line":50},"2":{"name":"(anonymous_2)","decl":{"start":{"line":62,"column":2},"end":{"line":62,"column":3}},"loc":{"start":{"line":62,"column":17},"end":{"line":64,"column":3}},"line":62}},"branchMap":{},"s":{"0":1,"1":12,"2":12,"3":10,"4":10,"5":7,"6":1},"f":{"0":12,"1":10,"2":7},"b":{},"_coverageSchema":"332fd63041d2c1bcb487cc26dd0d5f7d97098a6c","hash":"aa0d086669f0f0fee658a9e4585ec8d7fae4846e","contentHash":"bc2ae4ce25f9c9f7712bc93dd6e4ca99_11.0.2"},"/Users/harmindervirk/workspace/dawn/edge-repos/edge/src/Expressions/LogicalExpression.js":{"path":"/Users/harmindervirk/workspace/dawn/edge-repos/edge/src/Expressions/LogicalExpression.js","statementMap":{"0":{"start":{"line":12,"column":23},"end":{"line":12,"column":50}},"1":{"start":{"line":31,"column":4},"end":{"line":31,"column":16}},"2":{"start":{"line":32,"column":4},"end":{"line":39,"column":5}},"3":{"start":{"line":54,"column":4},"end":{"line":54,"column":47}},"4":{"start":{"line":55,"column":4},"end":{"line":55,"column":57}},"5":{"start":{"line":56,"column":4},"end":{"line":56,"column":58}},"6":{"start":{"line":57,"column":4},"end":{"line":57,"column":71}},"7":{"start":{"line":58,"column":4},"end":{"line":58,"column":72}},"8":{"start":{"line":69,"column":14},"end":{"line":69,"column":62}},"9":{"start":{"line":70,"column":4},"end":{"line":72,"column":5}},"10":{"start":{"line":71,"column":6},"end":{"line":71,"column":22}},"11":{"start":{"line":73,"column":4},"end":{"line":73,"column":14}},"12":{"start":{"line":84,"column":14},"end":{"line":84,"column":62}},"13":{"start":{"line":85,"column":4},"end":{"line":87,"column":5}},"14":{"start":{"line":86,"column":6},"end":{"line":86,"column":22}},"15":{"start":{"line":88,"column":4},"end":{"line":88,"column":14}},"16":{"start":{"line":99,"column":4},"end":{"line":99,"column":83}},"17":{"start":{"line":103,"column":0},"end":{"line":103,"column":34}}},"fnMap":{"0":{"name":"(anonymous_0)","decl":{"start":{"line":30,"column":2},"end":{"line":30,"column":3}},"loc":{"start":{"line":30,"column":22},"end":{"line":40,"column":3}},"line":30},"1":{"name":"(anonymous_1)","decl":{"start":{"line":53,"column":2},"end":{"line":53,"column":3}},"loc":{"start":{"line":53,"column":21},"end":{"line":59,"column":3}},"line":53},"2":{"name":"(anonymous_2)","decl":{"start":{"line":68,"column":2},"end":{"line":68,"column":3}},"loc":{"start":{"line":68,"column":18},"end":{"line":74,"column":3}},"line":68},"3":{"name":"(anonymous_3)","decl":{"start":{"line":83,"column":2},"end":{"line":83,"column":3}},"loc":{"start":{"line":83,"column":18},"end":{"line":89,"column":3}},"line":83},"4":{"name":"(anonymous_4)","decl":{"start":{"line":98,"column":2},"end":{"line":98,"column":3}},"loc":{"start":{"line":98,"column":17},"end":{"line":100,"column":3}},"line":98}},"branchMap":{"0":{"loc":{"start":{"line":70,"column":4},"end":{"line":72,"column":5}},"type":"if","locations":[{"start":{"line":70,"column":4},"end":{"line":72,"column":5}},{"start":{"line":70,"column":4},"end":{"line":72,"column":5}}],"line":70},"1":{"loc":{"start":{"line":85,"column":4},"end":{"line":87,"column":5}},"type":"if","locations":[{"start":{"line":85,"column":4},"end":{"line":87,"column":5}},{"start":{"line":85,"column":4},"end":{"line":87,"column":5}}],"line":85}},"s":{"0":1,"1":17,"2":17,"3":15,"4":15,"5":15,"6":15,"7":15,"8":9,"9":9,"10":2,"11":9,"12":9,"13":9,"14":2,"15":9,"16":9,"17":1},"f":{"0":17,"1":15,"2":9,"3":9,"4":9},"b":{"0":[2,7],"1":[2,7]},"_coverageSchema":"332fd63041d2c1bcb487cc26dd0d5f7d97098a6c","hash":"54af57719629f93178c7c3077ca0985de7c7ec02","contentHash":"654b93943b65dbeb294ad3bcb83be6c3_11.0.2"},"/Users/harmindervirk/workspace/dawn/edge-repos/edge/src/Expressions/ConditionalExpression.js":{"path":"/Users/harmindervirk/workspace/dawn/edge-repos/edge/src/Expressions/ConditionalExpression.js","statementMap":{"0":{"start":{"line":12,"column":23},"end":{"line":12,"column":50}},"1":{"start":{"line":30,"column":4},"end":{"line":30,"column":16}},"2":{"start":{"line":31,"column":4},"end":{"line":38,"column":5}},"3":{"start":{"line":53,"column":4},"end":{"line":53,"column":58}},"4":{"start":{"line":54,"column":4},"end":{"line":54,"column":70}},"5":{"start":{"line":55,"column":4},"end":{"line":55,"column":68}},"6":{"start":{"line":56,"column":4},"end":{"line":56,"column":86}},"7":{"start":{"line":68,"column":4},"end":{"line":68,"column":60}},"8":{"start":{"line":80,"column":4},"end":{"line":80,"column":66}},"9":{"start":{"line":92,"column":31},"end":{"line":92,"column":85}},"10":{"start":{"line":93,"column":4},"end":{"line":93,"column":86}},"11":{"start":{"line":104,"column":4},"end":{"line":104,"column":99}},"12":{"start":{"line":108,"column":0},"end":{"line":108,"column":38}}},"fnMap":{"0":{"name":"(anonymous_0)","decl":{"start":{"line":29,"column":2},"end":{"line":29,"column":3}},"loc":{"start":{"line":29,"column":22},"end":{"line":39,"column":3}},"line":29},"1":{"name":"(anonymous_1)","decl":{"start":{"line":52,"column":2},"end":{"line":52,"column":3}},"loc":{"start":{"line":52,"column":21},"end":{"line":57,"column":3}},"line":52},"2":{"name":"(anonymous_2)","decl":{"start":{"line":67,"column":2},"end":{"line":67,"column":3}},"loc":{"start":{"line":67,"column":19},"end":{"line":69,"column":3}},"line":67},"3":{"name":"(anonymous_3)","decl":{"start":{"line":79,"column":2},"end":{"line":79,"column":3}},"loc":{"start":{"line":79,"column":25},"end":{"line":81,"column":3}},"line":79},"4":{"name":"(anonymous_4)","decl":{"start":{"line":91,"column":2},"end":{"line":91,"column":3}},"loc":{"start":{"line":91,"column":24},"end":{"line":94,"column":3}},"line":91},"5":{"name":"(anonymous_5)","decl":{"start":{"line":103,"column":2},"end":{"line":103,"column":3}},"loc":{"start":{"line":103,"column":17},"end":{"line":105,"column":3}},"line":103}},"branchMap":{"0":{"loc":{"start":{"line":93,"column":11},"end":{"line":93,"column":86}},"type":"cond-expr","locations":[{"start":{"line":93,"column":40},"end":{"line":93,"column":65}},{"start":{"line":93,"column":68},"end":{"line":93,"column":86}}],"line":93}},"s":{"0":1,"1":7,"2":7,"3":5,"4":5,"5":5,"6":5,"7":4,"8":4,"9":4,"10":4,"11":4,"12":1},"f":{"0":7,"1":5,"2":4,"3":4,"4":4,"5":4},"b":{"0":[1,3]},"_coverageSchema":"332fd63041d2c1bcb487cc26dd0d5f7d97098a6c","hash":"2fa714235dd25291345c4b2be139d5e1132710ae","contentHash":"438ec0dfed85d2512da2a3eb50b7e1fd_11.0.2"},"/Users/harmindervirk/workspace/dawn/edge-repos/edge/src/Statements/index.js":{"path":"/Users/harmindervirk/workspace/dawn/edge-repos/edge/src/Statements/index.js","statementMap":{"0":{"start":{"line":12,"column":0},"end":{"line":15,"column":1}}},"fnMap":{},"branchMap":{},"s":{"0":1},"f":{},"b":{},"_coverageSchema":"332fd63041d2c1bcb487cc26dd0d5f7d97098a6c","hash":"a7612f8d732e02adda0eec9e4e8750820098818d","contentHash":"66a45cb6935ef917cd56a9f4f3bbe70f_11.0.2"},"/Users/harmindervirk/workspace/dawn/edge-repos/edge/src/Statements/Literal.js":{"path":"/Users/harmindervirk/workspace/dawn/edge-repos/edge/src/Statements/Literal.js","statementMap":{"0":{"start":{"line":12,"column":15},"end":{"line":12,"column":32}},"1":{"start":{"line":14,"column":0},"end":{"line":23,"column":1}},"2":{"start":{"line":15,"column":2},"end":{"line":22,"column":3}},"3":{"start":{"line":20,"column":6},"end":{"line":20,"column":68}}},"fnMap":{"0":{"name":"(anonymous_0)","decl":{"start":{"line":14,"column":17},"end":{"line":14,"column":18}},"loc":{"start":{"line":14,"column":39},"end":{"line":23,"column":1}},"line":14}},"branchMap":{"0":{"loc":{"start":{"line":20,"column":13},"end":{"line":20,"column":68}},"type":"cond-expr","locations":[{"start":{"line":20,"column":38},"end":{"line":20,"column":55}},{"start":{"line":20,"column":58},"end":{"line":20,"column":68}}],"line":20}},"s":{"0":1,"1":1,"2":240,"3":184},"f":{"0":240},"b":{"0":[138,46]},"_coverageSchema":"332fd63041d2c1bcb487cc26dd0d5f7d97098a6c","hash":"b599d295b5bec4de71c9d3a01425ec1e220ed330","contentHash":"8ce543161934299184480fb7cc3e3dc6_11.0.2"},"/Users/harmindervirk/workspace/dawn/edge-repos/edge/src/Statements/Identifier.js":{"path":"/Users/harmindervirk/workspace/dawn/edge-repos/edge/src/Statements/Identifier.js","statementMap":{"0":{"start":{"line":12,"column":0},"end":{"line":21,"column":1}},"1":{"start":{"line":13,"column":2},"end":{"line":20,"column":3}},"2":{"start":{"line":18,"column":6},"end":{"line":18,"column":80}}},"fnMap":{"0":{"name":"(anonymous_0)","decl":{"start":{"line":12,"column":17},"end":{"line":12,"column":18}},"loc":{"start":{"line":12,"column":39},"end":{"line":21,"column":1}},"line":12}},"branchMap":{"0":{"loc":{"start":{"line":18,"column":13},"end":{"line":18,"column":80}},"type":"cond-expr","locations":[{"start":{"line":18,"column":28},"end":{"line":18,"column":38}},{"start":{"line":18,"column":41},"end":{"line":18,"column":80}}],"line":18}},"s":{"0":1,"1":477,"2":390},"f":{"0":477},"b":{"0":[147,243]},"_coverageSchema":"332fd63041d2c1bcb487cc26dd0d5f7d97098a6c","hash":"22241621b6fe28909118df8b73f62f443d01634c","contentHash":"f31c427e585743e9328dbab2a9abd1e0_11.0.2"},"/Users/harmindervirk/workspace/dawn/edge-repos/edge/test-helpers/expression-mixin.js":{"path":"/Users/harmindervirk/workspace/dawn/edge-repos/edge/test-helpers/expression-mixin.js","statementMap":{"0":{"start":{"line":12,"column":0},"end":{"line":22,"column":1}},"1":{"start":{"line":13,"column":2},"end":{"line":16,"column":4}},"2":{"start":{"line":14,"column":4},"end":{"line":14,"column":43}},"3":{"start":{"line":15,"column":4},"end":{"line":15,"column":66}},"4":{"start":{"line":18,"column":2},"end":{"line":21,"column":4}},"5":{"start":{"line":19,"column":4},"end":{"line":19,"column":43}},"6":{"start":{"line":20,"column":4},"end":{"line":20,"column":54}}},"fnMap":{"0":{"name":"(anonymous_0)","decl":{"start":{"line":12,"column":17},"end":{"line":12,"column":18}},"loc":{"start":{"line":12,"column":33},"end":{"line":22,"column":1}},"line":12},"1":{"name":"(anonymous_1)","decl":{"start":{"line":13,"column":39},"end":{"line":13,"column":40}},"loc":{"start":{"line":13,"column":51},"end":{"line":16,"column":3}},"line":13},"2":{"name":"(anonymous_2)","decl":{"start":{"line":18,"column":29},"end":{"line":18,"column":30}},"loc":{"start":{"line":18,"column":41},"end":{"line":21,"column":3}},"line":18}},"branchMap":{},"s":{"0":1,"1":10,"2":10,"3":10,"4":10,"5":10,"6":10},"f":{"0":10,"1":10,"2":10},"b":{},"_coverageSchema":"332fd63041d2c1bcb487cc26dd0d5f7d97098a6c","hash":"757089193824e7470853ead163da06b24d9e5678","contentHash":"86e9c811c807835c76eb7467507472bb_11.0.2"},"/Users/harmindervirk/workspace/dawn/edge-repos/edge/src/Ast/index.js":{"path":"/Users/harmindervirk/workspace/dawn/edge-repos/edge/src/Ast/index.js","statementMap":{"0":{"start":{"line":12,"column":10},"end":{"line":12,"column":27}},"1":{"start":{"line":13,"column":12},"end":{"line":13,"column":36}},"2":{"start":{"line":14,"column":11},"end":{"line":14,"column":35}},"3":{"start":{"line":22,"column":27},"end":{"line":22,"column":43}},"4":{"start":{"line":30,"column":27},"end":{"line":30,"column":36}},"5":{"start":{"line":37,"column":26},"end":{"line":37,"column":42}},"6":{"start":{"line":52,"column":4},"end":{"line":52,"column":21}},"7":{"start":{"line":53,"column":4},"end":{"line":53,"column":43}},"8":{"start":{"line":54,"column":4},"end":{"line":54,"column":18}},"9":{"start":{"line":55,"column":4},"end":{"line":55,"column":36}},"10":{"start":{"line":56,"column":4},"end":{"line":56,"column":25}},"11":{"start":{"line":75,"column":4},"end":{"line":86,"column":5}},"12":{"start":{"line":103,"column":4},"end":{"line":103,"column":46}},"13":{"start":{"line":105,"column":4},"end":{"line":111,"column":5}},"14":{"start":{"line":132,"column":39},"end":{"line":132,"column":108}},"15":{"start":{"line":133,"column":4},"end":{"line":135,"column":5}},"16":{"start":{"line":134,"column":6},"end":{"line":134,"column":69}},"17":{"start":{"line":140,"column":4},"end":{"line":140,"column":42}},"18":{"start":{"line":156,"column":4},"end":{"line":156,"column":58}},"19":{"start":{"line":170,"column":22},"end":{"line":170,"column":57}},"20":{"start":{"line":171,"column":4},"end":{"line":173,"column":5}},"21":{"start":{"line":172,"column":6},"end":{"line":172,"column":37}},"22":{"start":{"line":174,"column":4},"end":{"line":174,"column":18}},"23":{"start":{"line":187,"column":20},"end":{"line":187,"column":55}},"24":{"start":{"line":188,"column":4},"end":{"line":190,"column":5}},"25":{"start":{"line":189,"column":6},"end":{"line":189,"column":38}},"26":{"start":{"line":207,"column":4},"end":{"line":269,"column":8}},"27":{"start":{"line":215,"column":8},"end":{"line":218,"column":9}},"28":{"start":{"line":216,"column":10},"end":{"line":216,"column":44}},"29":{"start":{"line":217,"column":10},"end":{"line":217,"column":16}},"30":{"start":{"line":224,"column":8},"end":{"line":226,"column":9}},"31":{"start":{"line":225,"column":10},"end":{"line":225,"column":16}},"32":{"start":{"line":228,"column":24},"end":{"line":228,"column":48}},"33":{"start":{"line":234,"column":8},"end":{"line":239,"column":9}},"34":{"start":{"line":235,"column":10},"end":{"line":235,"column":32}},"35":{"start":{"line":236,"column":10},"end":{"line":236,"column":40}},"36":{"start":{"line":237,"column":10},"end":{"line":237,"column":40}},"37":{"start":{"line":238,"column":10},"end":{"line":238,"column":16}},"38":{"start":{"line":244,"column":22},"end":{"line":244,"column":52}},"39":{"start":{"line":252,"column":8},"end":{"line":254,"column":9}},"40":{"start":{"line":253,"column":10},"end":{"line":253,"column":16}},"41":{"start":{"line":261,"column":8},"end":{"line":263,"column":9}},"42":{"start":{"line":262,"column":10},"end":{"line":262,"column":38}},"43":{"start":{"line":268,"column":8},"end":{"line":268,"column":68}},"44":{"start":{"line":274,"column":22},"end":{"line":274,"column":46}},"45":{"start":{"line":279,"column":4},"end":{"line":281,"column":5}},"46":{"start":{"line":280,"column":6},"end":{"line":280,"column":100}},"47":{"start":{"line":283,"column":4},"end":{"line":283,"column":20}},"48":{"start":{"line":287,"column":0},"end":{"line":287,"column":20}}},"fnMap":{"0":{"name":"(anonymous_0)","decl":{"start":{"line":51,"column":2},"end":{"line":51,"column":3}},"loc":{"start":{"line":51,"column":38},"end":{"line":57,"column":3}},"line":51},"1":{"name":"(anonymous_1)","decl":{"start":{"line":74,"column":2},"end":{"line":74,"column":3}},"loc":{"start":{"line":74,"column":53},"end":{"line":87,"column":3}},"line":74},"2":{"name":"(anonymous_2)","decl":{"start":{"line":102,"column":2},"end":{"line":102,"column":3}},"loc":{"start":{"line":102,"column":30},"end":{"line":112,"column":3}},"line":102},"3":{"name":"(anonymous_3)","decl":{"start":{"line":128,"column":2},"end":{"line":128,"column":3}},"loc":{"start":{"line":128,"column":29},"end":{"line":141,"column":3}},"line":128},"4":{"name":"(anonymous_4)","decl":{"start":{"line":155,"column":2},"end":{"line":155,"column":3}},"loc":{"start":{"line":155,"column":32},"end":{"line":157,"column":3}},"line":155},"5":{"name":"(anonymous_5)","decl":{"start":{"line":169,"column":2},"end":{"line":169,"column":3}},"loc":{"start":{"line":169,"column":36},"end":{"line":175,"column":3}},"line":169},"6":{"name":"(anonymous_6)","decl":{"start":{"line":186,"column":2},"end":{"line":186,"column":3}},"loc":{"start":{"line":186,"column":33},"end":{"line":191,"column":3}},"line":186},"7":{"name":"(anonymous_7)","decl":{"start":{"line":206,"column":2},"end":{"line":206,"column":3}},"loc":{"start":{"line":206,"column":19},"end":{"line":284,"column":3}},"line":206},"8":{"name":"(anonymous_8)","decl":{"start":{"line":210,"column":15},"end":{"line":210,"column":16}},"loc":{"start":{"line":210,"column":32},"end":{"line":269,"column":7}},"line":210}},"branchMap":{"0":{"loc":{"start":{"line":132,"column":39},"end":{"line":132,"column":108}},"type":"cond-expr","locations":[{"start":{"line":132,"column":64},"end":{"line":132,"column":102}},{"start":{"line":132,"column":106},"end":{"line":132,"column":108}}],"line":132},"1":{"loc":{"start":{"line":132,"column":64},"end":{"line":132,"column":102}},"type":"binary-expr","locations":[{"start":{"line":132,"column":64},"end":{"line":132,"column":96}},{"start":{"line":132,"column":100},"end":{"line":132,"column":102}}],"line":132},"2":{"loc":{"start":{"line":133,"column":4},"end":{"line":135,"column":5}},"type":"if","locations":[{"start":{"line":133,"column":4},"end":{"line":135,"column":5}},{"start":{"line":133,"column":4},"end":{"line":135,"column":5}}],"line":133},"3":{"loc":{"start":{"line":156,"column":11},"end":{"line":156,"column":58}},"type":"binary-expr","locations":[{"start":{"line":156,"column":11},"end":{"line":156,"column":18}},{"start":{"line":156,"column":22},"end":{"line":156,"column":58}}],"line":156},"4":{"loc":{"start":{"line":170,"column":22},"end":{"line":170,"column":57}},"type":"binary-expr","locations":[{"start":{"line":170,"column":22},"end":{"line":170,"column":51}},{"start":{"line":170,"column":55},"end":{"line":170,"column":57}}],"line":170},"5":{"loc":{"start":{"line":171,"column":4},"end":{"line":173,"column":5}},"type":"if","locations":[{"start":{"line":171,"column":4},"end":{"line":173,"column":5}},{"start":{"line":171,"column":4},"end":{"line":173,"column":5}}],"line":171},"6":{"loc":{"start":{"line":187,"column":20},"end":{"line":187,"column":55}},"type":"binary-expr","locations":[{"start":{"line":187,"column":20},"end":{"line":187,"column":49}},{"start":{"line":187,"column":53},"end":{"line":187,"column":55}}],"line":187},"7":{"loc":{"start":{"line":188,"column":4},"end":{"line":190,"column":5}},"type":"if","locations":[{"start":{"line":188,"column":4},"end":{"line":190,"column":5}},{"start":{"line":188,"column":4},"end":{"line":190,"column":5}}],"line":188},"8":{"loc":{"start":{"line":215,"column":8},"end":{"line":218,"column":9}},"type":"if","locations":[{"start":{"line":215,"column":8},"end":{"line":218,"column":9}},{"start":{"line":215,"column":8},"end":{"line":218,"column":9}}],"line":215},"9":{"loc":{"start":{"line":224,"column":8},"end":{"line":226,"column":9}},"type":"if","locations":[{"start":{"line":224,"column":8},"end":{"line":226,"column":9}},{"start":{"line":224,"column":8},"end":{"line":226,"column":9}}],"line":224},"10":{"loc":{"start":{"line":234,"column":8},"end":{"line":239,"column":9}},"type":"if","locations":[{"start":{"line":234,"column":8},"end":{"line":239,"column":9}},{"start":{"line":234,"column":8},"end":{"line":239,"column":9}}],"line":234},"11":{"loc":{"start":{"line":252,"column":8},"end":{"line":254,"column":9}},"type":"if","locations":[{"start":{"line":252,"column":8},"end":{"line":254,"column":9}},{"start":{"line":252,"column":8},"end":{"line":254,"column":9}}],"line":252},"12":{"loc":{"start":{"line":252,"column":12},"end":{"line":252,"column":45}},"type":"binary-expr","locations":[{"start":{"line":252,"column":12},"end":{"line":252,"column":23}},{"start":{"line":252,"column":27},"end":{"line":252,"column":45}}],"line":252},"13":{"loc":{"start":{"line":261,"column":8},"end":{"line":263,"column":9}},"type":"if","locations":[{"start":{"line":261,"column":8},"end":{"line":263,"column":9}},{"start":{"line":261,"column":8},"end":{"line":263,"column":9}}],"line":261},"14":{"loc":{"start":{"line":261,"column":12},"end":{"line":261,"column":85}},"type":"binary-expr","locations":[{"start":{"line":261,"column":12},"end":{"line":261,"column":21}},{"start":{"line":261,"column":25},"end":{"line":261,"column":63}},{"start":{"line":261,"column":67},"end":{"line":261,"column":85}}],"line":261},"15":{"loc":{"start":{"line":268,"column":8},"end":{"line":268,"column":68}},"type":"cond-expr","locations":[{"start":{"line":268,"column":18},"end":{"line":268,"column":44}},{"start":{"line":268,"column":47},"end":{"line":268,"column":68}}],"line":268},"16":{"loc":{"start":{"line":279,"column":4},"end":{"line":281,"column":5}},"type":"if","locations":[{"start":{"line":279,"column":4},"end":{"line":281,"column":5}},{"start":{"line":279,"column":4},"end":{"line":281,"column":5}}],"line":279}},"s":{"0":1,"1":1,"2":1,"3":1,"4":1,"5":1,"6":167,"7":167,"8":167,"9":167,"10":167,"11":164,"12":295,"13":295,"14":459,"15":459,"16":164,"17":295,"18":585,"19":589,"20":589,"21":4,"22":589,"23":10,"24":10,"25":4,"26":167,"27":599,"28":10,"29":10,"30":589,"31":4,"32":585,"33":585,"34":126,"35":126,"36":126,"37":126,"38":459,"39":459,"40":3,"41":456,"42":127,"43":456,"44":167,"45":167,"46":1,"47":166,"48":1},"f":{"0":167,"1":164,"2":295,"3":459,"4":585,"5":589,"6":10,"7":167,"8":599},"b":{"0":[455,4],"1":[455,291],"2":[164,295],"3":[585,327],"4":[589,585],"5":[4,585],"6":[10,6],"7":[4,6],"8":[10,589],"9":[4,585],"10":[126,459],"11":[3,456],"12":[459,443],"13":[127,329],"14":[456,164,136],"15":[201,255],"16":[1,166]},"_coverageSchema":"332fd63041d2c1bcb487cc26dd0d5f7d97098a6c","hash":"5ab10b45c968cdbe20761cf635cfa3579ac857c7","contentHash":"d14a61442b45195c6f4b6876d1615975_11.0.2"},"/Users/harmindervirk/workspace/dawn/edge-repos/edge/lib/EOL.js":{"path":"/Users/harmindervirk/workspace/dawn/edge-repos/edge/lib/EOL.js","statementMap":{"0":{"start":{"line":3,"column":0},"end":{"line":3,"column":30}}},"fnMap":{},"branchMap":{},"s":{"0":1},"f":{},"b":{},"_coverageSchema":"332fd63041d2c1bcb487cc26dd0d5f7d97098a6c","hash":"1bb8daf89fbdbbe0d2f55c6e9ef3418e979c117b","contentHash":"601c635287624a1f4530e51ac00145bd_11.0.2"},"/Users/harmindervirk/workspace/dawn/edge-repos/edge/src/Buffer/index.js":{"path":"/Users/harmindervirk/workspace/dawn/edge-repos/edge/src/Buffer/index.js","statementMap":{"0":{"start":{"line":12,"column":12},"end":{"line":12,"column":36}},"1":{"start":{"line":13,"column":20},"end":{"line":13,"column":44}},"2":{"start":{"line":38,"column":4},"end":{"line":38,"column":20}},"3":{"start":{"line":39,"column":4},"end":{"line":39,"column":24}},"4":{"start":{"line":40,"column":4},"end":{"line":40,"column":33}},"5":{"start":{"line":41,"column":4},"end":{"line":41,"column":17}},"6":{"start":{"line":53,"column":4},"end":{"line":55,"column":56}},"7":{"start":{"line":57,"column":4},"end":{"line":57,"column":17}},"8":{"start":{"line":58,"column":4},"end":{"line":58,"column":44}},"9":{"start":{"line":72,"column":19},"end":{"line":72,"column":64}},"10":{"start":{"line":73,"column":4},"end":{"line":73,"column":72}},"11":{"start":{"line":74,"column":4},"end":{"line":74,"column":17}},"12":{"start":{"line":85,"column":4},"end":{"line":85,"column":14}},"13":{"start":{"line":96,"column":4},"end":{"line":96,"column":25}},"14":{"start":{"line":108,"column":4},"end":{"line":108,"column":70}},"15":{"start":{"line":121,"column":4},"end":{"line":121,"column":57}},"16":{"start":{"line":143,"column":4},"end":{"line":143,"column":40}},"17":{"start":{"line":144,"column":4},"end":{"line":144,"column":40}},"18":{"start":{"line":145,"column":4},"end":{"line":145,"column":15}},"19":{"start":{"line":160,"column":4},"end":{"line":160,"column":41}},"20":{"start":{"line":161,"column":4},"end":{"line":161,"column":15}},"21":{"start":{"line":174,"column":18},"end":{"line":174,"column":57}},"22":{"start":{"line":175,"column":4},"end":{"line":175,"column":27}},"23":{"start":{"line":188,"column":4},"end":{"line":188,"column":48}},"24":{"start":{"line":189,"column":4},"end":{"line":189,"column":17}},"25":{"start":{"line":203,"column":4},"end":{"line":203,"column":17}},"26":{"start":{"line":204,"column":25},"end":{"line":204,"column":82}},"27":{"start":{"line":205,"column":4},"end":{"line":205,"column":46}},"28":{"start":{"line":209,"column":0},"end":{"line":209,"column":23}}},"fnMap":{"0":{"name":"(anonymous_0)","decl":{"start":{"line":37,"column":2},"end":{"line":37,"column":3}},"loc":{"start":{"line":37,"column":35},"end":{"line":42,"column":3}},"line":37},"1":{"name":"(anonymous_1)","decl":{"start":{"line":52,"column":2},"end":{"line":52,"column":3}},"loc":{"start":{"line":52,"column":12},"end":{"line":59,"column":3}},"line":52},"2":{"name":"(anonymous_2)","decl":{"start":{"line":71,"column":2},"end":{"line":71,"column":3}},"loc":{"start":{"line":71,"column":18},"end":{"line":75,"column":3}},"line":71},"3":{"name":"(anonymous_3)","decl":{"start":{"line":84,"column":2},"end":{"line":84,"column":3}},"loc":{"start":{"line":84,"column":13},"end":{"line":86,"column":3}},"line":84},"4":{"name":"(anonymous_4)","decl":{"start":{"line":95,"column":2},"end":{"line":95,"column":3}},"loc":{"start":{"line":95,"column":12},"end":{"line":97,"column":3}},"line":95},"5":{"name":"(anonymous_5)","decl":{"start":{"line":107,"column":2},"end":{"line":107,"column":3}},"loc":{"start":{"line":107,"column":12},"end":{"line":109,"column":3}},"line":107},"6":{"name":"(anonymous_6)","decl":{"start":{"line":120,"column":2},"end":{"line":120,"column":3}},"loc":{"start":{"line":120,"column":19},"end":{"line":122,"column":3}},"line":120},"7":{"name":"(anonymous_7)","decl":{"start":{"line":142,"column":2},"end":{"line":142,"column":3}},"loc":{"start":{"line":142,"column":39},"end":{"line":146,"column":3}},"line":142},"8":{"name":"(anonymous_8)","decl":{"start":{"line":159,"column":2},"end":{"line":159,"column":3}},"loc":{"start":{"line":159,"column":33},"end":{"line":162,"column":3}},"line":159},"9":{"name":"(anonymous_9)","decl":{"start":{"line":173,"column":2},"end":{"line":173,"column":3}},"loc":{"start":{"line":173,"column":14},"end":{"line":176,"column":3}},"line":173},"10":{"name":"(anonymous_10)","decl":{"start":{"line":187,"column":2},"end":{"line":187,"column":3}},"loc":{"start":{"line":187,"column":20},"end":{"line":190,"column":3}},"line":187},"11":{"name":"(anonymous_11)","decl":{"start":{"line":202,"column":2},"end":{"line":202,"column":3}},"loc":{"start":{"line":202,"column":23},"end":{"line":206,"column":3}},"line":202}},"branchMap":{"0":{"loc":{"start":{"line":37,"column":15},"end":{"line":37,"column":33}},"type":"default-arg","locations":[{"start":{"line":37,"column":28},"end":{"line":37,"column":33}}],"line":37},"1":{"loc":{"start":{"line":53,"column":4},"end":{"line":55,"column":56}},"type":"cond-expr","locations":[{"start":{"line":54,"column":8},"end":{"line":54,"column":58}},{"start":{"line":55,"column":8},"end":{"line":55,"column":56}}],"line":53},"2":{"loc":{"start":{"line":73,"column":4},"end":{"line":73,"column":72}},"type":"cond-expr","locations":[{"start":{"line":73,"column":23},"end":{"line":73,"column":53}},{"start":{"line":73,"column":56},"end":{"line":73,"column":72}}],"line":73},"3":{"loc":{"start":{"line":108,"column":23},"end":{"line":108,"column":70}},"type":"cond-expr","locations":[{"start":{"line":108,"column":46},"end":{"line":108,"column":47}},{"start":{"line":108,"column":50},"end":{"line":108,"column":70}}],"line":108},"4":{"loc":{"start":{"line":142,"column":23},"end":{"line":142,"column":37}},"type":"default-arg","locations":[{"start":{"line":142,"column":33},"end":{"line":142,"column":37}}],"line":142},"5":{"loc":{"start":{"line":143,"column":11},"end":{"line":143,"column":40}},"type":"cond-expr","locations":[{"start":{"line":143,"column":21},"end":{"line":143,"column":33}},{"start":{"line":143,"column":36},"end":{"line":143,"column":40}}],"line":143},"6":{"loc":{"start":{"line":204,"column":25},"end":{"line":204,"column":82}},"type":"cond-expr","locations":[{"start":{"line":204,"column":33},"end":{"line":204,"column":60}},{"start":{"line":204,"column":63},"end":{"line":204,"column":82}}],"line":204}},"s":{"0":1,"1":1,"2":174,"3":174,"4":174,"5":174,"6":174,"7":174,"8":174,"9":151,"10":151,"11":151,"12":0,"13":294,"14":117,"15":966,"16":280,"17":280,"18":280,"19":0,"20":0,"21":151,"22":151,"23":24,"24":24,"25":22,"26":22,"27":22,"28":1},"f":{"0":174,"1":174,"2":151,"3":0,"4":294,"5":117,"6":966,"7":280,"8":0,"9":151,"10":24,"11":22},"b":{"0":[8],"1":[166,8],"2":[148,3],"3":[1,116],"4":[237],"5":[237,43],"6":[21,1]},"_coverageSchema":"332fd63041d2c1bcb487cc26dd0d5f7d97098a6c","hash":"fe729ba13941281041dfc9ab95ec31ff8baa3343","contentHash":"3d67e648f845a54ce4ad4ae291b20e30_11.0.2"},"/Users/harmindervirk/workspace/dawn/edge-repos/edge/src/Context/index.js":{"path":"/Users/harmindervirk/workspace/dawn/edge-repos/edge/src/Context/index.js","statementMap":{"0":{"start":{"line":12,"column":10},"end":{"line":12,"column":27}},"1":{"start":{"line":13,"column":14},"end":{"line":13,"column":46}},"2":{"start":{"line":14,"column":15},"end":{"line":14,"column":37}},"3":{"start":{"line":18,"column":4},"end":{"line":18,"column":23}},"4":{"start":{"line":22,"column":4},"end":{"line":22,"column":22}},"5":{"start":{"line":54,"column":4},"end":{"line":54,"column":96}},"6":{"start":{"line":55,"column":4},"end":{"line":55,"column":29}},"7":{"start":{"line":56,"column":4},"end":{"line":56,"column":27}},"8":{"start":{"line":57,"column":4},"end":{"line":57,"column":31}},"9":{"start":{"line":58,"column":4},"end":{"line":58,"column":21}},"10":{"start":{"line":74,"column":4},"end":{"line":74,"column":47}},"11":{"start":{"line":91,"column":17},"end":{"line":91,"column":37}},"12":{"start":{"line":92,"column":25},"end":{"line":94,"column":43}},"13":{"start":{"line":93,"column":23},"end":{"line":93,"column":48}},"14":{"start":{"line":94,"column":20},"end":{"line":94,"column":42}},"15":{"start":{"line":96,"column":4},"end":{"line":101,"column":5}},"16":{"start":{"line":97,"column":6},"end":{"line":100,"column":7}},"17":{"start":{"line":103,"column":4},"end":{"line":106,"column":5}},"18":{"start":{"line":128,"column":4},"end":{"line":128,"column":57}},"19":{"start":{"line":129,"column":16},"end":{"line":129,"column":33}},"20":{"start":{"line":135,"column":4},"end":{"line":138,"column":5}},"21":{"start":{"line":136,"column":6},"end":{"line":136,"column":49}},"22":{"start":{"line":137,"column":6},"end":{"line":137,"column":41}},"23":{"start":{"line":144,"column":4},"end":{"line":147,"column":5}},"24":{"start":{"line":145,"column":6},"end":{"line":145,"column":54}},"25":{"start":{"line":146,"column":6},"end":{"line":146,"column":47}},"26":{"start":{"line":152,"column":4},"end":{"line":155,"column":5}},"27":{"start":{"line":153,"column":6},"end":{"line":153,"column":47}},"28":{"start":{"line":154,"column":6},"end":{"line":154,"column":39}},"29":{"start":{"line":157,"column":4},"end":{"line":157,"column":16}},"30":{"start":{"line":168,"column":4},"end":{"line":168,"column":29}},"31":{"start":{"line":169,"column":4},"end":{"line":169,"column":25}},"32":{"start":{"line":183,"column":4},"end":{"line":183,"column":50}},"33":{"start":{"line":184,"column":24},"end":{"line":184,"column":44}},"34":{"start":{"line":186,"column":4},"end":{"line":188,"column":5}},"35":{"start":{"line":187,"column":6},"end":{"line":187,"column":109}},"36":{"start":{"line":190,"column":4},"end":{"line":190,"column":28}},"37":{"start":{"line":201,"column":4},"end":{"line":201,"column":31}},"38":{"start":{"line":202,"column":4},"end":{"line":202,"column":44}},"39":{"start":{"line":222,"column":4},"end":{"line":226,"column":5}},"40":{"start":{"line":223,"column":6},"end":{"line":223,"column":9}},"41":{"start":{"line":224,"column":6},"end":{"line":224,"column":20}},"42":{"start":{"line":225,"column":6},"end":{"line":225,"column":59}},"43":{"start":{"line":227,"column":4},"end":{"line":227,"column":30}},"44":{"start":{"line":231,"column":4},"end":{"line":231,"column":26}},"45":{"start":{"line":244,"column":4},"end":{"line":246,"column":5}},"46":{"start":{"line":245,"column":6},"end":{"line":245,"column":29}},"47":{"start":{"line":247,"column":4},"end":{"line":247,"column":24}},"48":{"start":{"line":265,"column":4},"end":{"line":267,"column":5}},"49":{"start":{"line":266,"column":6},"end":{"line":266,"column":30}},"50":{"start":{"line":268,"column":4},"end":{"line":268,"column":55}},"51":{"start":{"line":283,"column":15},"end":{"line":283,"column":33}},"52":{"start":{"line":284,"column":4},"end":{"line":286,"column":5}},"53":{"start":{"line":285,"column":6},"end":{"line":285,"column":81}},"54":{"start":{"line":287,"column":4},"end":{"line":287,"column":31}},"55":{"start":{"line":299,"column":4},"end":{"line":299,"column":29}},"56":{"start":{"line":303,"column":0},"end":{"line":303,"column":24}}},"fnMap":{"0":{"name":"(anonymous_0)","decl":{"start":{"line":17,"column":2},"end":{"line":17,"column":3}},"loc":{"start":{"line":17,"column":22},"end":{"line":19,"column":3}},"line":17},"1":{"name":"(anonymous_1)","decl":{"start":{"line":21,"column":2},"end":{"line":21,"column":3}},"loc":{"start":{"line":21,"column":14},"end":{"line":23,"column":3}},"line":21},"2":{"name":"(anonymous_2)","decl":{"start":{"line":53,"column":2},"end":{"line":53,"column":3}},"loc":{"start":{"line":53,"column":55},"end":{"line":59,"column":3}},"line":53},"3":{"name":"(anonymous_3)","decl":{"start":{"line":73,"column":2},"end":{"line":73,"column":3}},"loc":{"start":{"line":73,"column":24},"end":{"line":75,"column":3}},"line":73},"4":{"name":"(anonymous_4)","decl":{"start":{"line":90,"column":2},"end":{"line":90,"column":3}},"loc":{"start":{"line":90,"column":18},"end":{"line":107,"column":3}},"line":90},"5":{"name":"(anonymous_5)","decl":{"start":{"line":93,"column":14},"end":{"line":93,"column":15}},"loc":{"start":{"line":93,"column":23},"end":{"line":93,"column":48}},"line":93},"6":{"name":"(anonymous_6)","decl":{"start":{"line":94,"column":11},"end":{"line":94,"column":12}},"loc":{"start":{"line":94,"column":20},"end":{"line":94,"column":42}},"line":94},"7":{"name":"(anonymous_7)","decl":{"start":{"line":124,"column":2},"end":{"line":124,"column":3}},"loc":{"start":{"line":124,"column":25},"end":{"line":158,"column":3}},"line":124},"8":{"name":"(anonymous_8)","decl":{"start":{"line":167,"column":2},"end":{"line":167,"column":3}},"loc":{"start":{"line":167,"column":14},"end":{"line":170,"column":3}},"line":167},"9":{"name":"(anonymous_9)","decl":{"start":{"line":182,"column":2},"end":{"line":182,"column":3}},"loc":{"start":{"line":182,"column":26},"end":{"line":191,"column":3}},"line":182},"10":{"name":"(anonymous_10)","decl":{"start":{"line":200,"column":2},"end":{"line":200,"column":3}},"loc":{"start":{"line":200,"column":16},"end":{"line":203,"column":3}},"line":200},"11":{"name":"(anonymous_11)","decl":{"start":{"line":221,"column":2},"end":{"line":221,"column":3}},"loc":{"start":{"line":221,"column":36},"end":{"line":228,"column":3}},"line":221},"12":{"name":"(anonymous_12)","decl":{"start":{"line":230,"column":2},"end":{"line":230,"column":3}},"loc":{"start":{"line":230,"column":15},"end":{"line":232,"column":3}},"line":230},"13":{"name":"(anonymous_13)","decl":{"start":{"line":243,"column":2},"end":{"line":243,"column":3}},"loc":{"start":{"line":243,"column":17},"end":{"line":248,"column":3}},"line":243},"14":{"name":"(anonymous_14)","decl":{"start":{"line":264,"column":2},"end":{"line":264,"column":3}},"loc":{"start":{"line":264,"column":16},"end":{"line":269,"column":3}},"line":264},"15":{"name":"(anonymous_15)","decl":{"start":{"line":282,"column":2},"end":{"line":282,"column":3}},"loc":{"start":{"line":282,"column":22},"end":{"line":288,"column":3}},"line":282},"16":{"name":"(anonymous_16)","decl":{"start":{"line":298,"column":2},"end":{"line":298,"column":3}},"loc":{"start":{"line":298,"column":26},"end":{"line":300,"column":3}},"line":298}},"branchMap":{"0":{"loc":{"start":{"line":53,"column":25},"end":{"line":53,"column":39}},"type":"default-arg","locations":[{"start":{"line":53,"column":37},"end":{"line":53,"column":39}}],"line":53},"1":{"loc":{"start":{"line":53,"column":41},"end":{"line":53,"column":53}},"type":"default-arg","locations":[{"start":{"line":53,"column":51},"end":{"line":53,"column":53}}],"line":53},"2":{"loc":{"start":{"line":73,"column":13},"end":{"line":73,"column":22}},"type":"default-arg","locations":[{"start":{"line":73,"column":21},"end":{"line":73,"column":22}}],"line":73},"3":{"loc":{"start":{"line":93,"column":23},"end":{"line":93,"column":48}},"type":"binary-expr","locations":[{"start":{"line":93,"column":23},"end":{"line":93,"column":33}},{"start":{"line":93,"column":37},"end":{"line":93,"column":48}}],"line":93},"4":{"loc":{"start":{"line":96,"column":4},"end":{"line":101,"column":5}},"type":"if","locations":[{"start":{"line":96,"column":4},"end":{"line":101,"column":5}},{"start":{"line":96,"column":4},"end":{"line":101,"column":5}}],"line":96},"5":{"loc":{"start":{"line":135,"column":4},"end":{"line":138,"column":5}},"type":"if","locations":[{"start":{"line":135,"column":4},"end":{"line":138,"column":5}},{"start":{"line":135,"column":4},"end":{"line":138,"column":5}}],"line":135},"6":{"loc":{"start":{"line":144,"column":4},"end":{"line":147,"column":5}},"type":"if","locations":[{"start":{"line":144,"column":4},"end":{"line":147,"column":5}},{"start":{"line":144,"column":4},"end":{"line":147,"column":5}}],"line":144},"7":{"loc":{"start":{"line":152,"column":4},"end":{"line":155,"column":5}},"type":"if","locations":[{"start":{"line":152,"column":4},"end":{"line":155,"column":5}},{"start":{"line":152,"column":4},"end":{"line":155,"column":5}}],"line":152},"8":{"loc":{"start":{"line":186,"column":4},"end":{"line":188,"column":5}},"type":"if","locations":[{"start":{"line":186,"column":4},"end":{"line":188,"column":5}},{"start":{"line":186,"column":4},"end":{"line":188,"column":5}}],"line":186},"9":{"loc":{"start":{"line":221,"column":29},"end":{"line":221,"column":34}},"type":"default-arg","location
[...]
":122},"8":{"name":"(anonymous_8)","decl":{"start":{"line":126,"column":35},"end":{"line":126,"column":36}},"loc":{"start":{"line":126,"column":51},"end":{"line":128,"column":5}},"line":126}},"branchMap":{"0":{"loc":{"start":{"line":119,"column":13},"end":{"line":119,"column":88}},"type":"binary-expr","locations":[{"start":{"line":119,"column":13},"end":{"line":119,"column":32}},{"start":{"line":119,"column":36},"end":{"line":119,"column":88}}],"line":119},"1":{"loc":{"start":{"line":123,"column":13},"end":{"line":123,"column":69}},"type":"binary-expr","locations":[{"start":{"line":123,"column":13},"end":{"line":123,"column":32}},{"start":{"line":123,"column":36},"end":{"line":123,"column":69}}],"line":123}},"s":{"0":1,"1":267,"2":97,"3":6,"4":6,"5":5,"6":5,"7":5,"8":5,"9":5,"10":5,"11":5,"12":5,"13":5,"14":5,"15":5,"16":87,"17":10,"18":87,"19":4,"20":87,"21":4,"22":1},"f":{"0":267,"1":97,"2":6,"3":6,"4":5,"5":87,"6":10,"7":4,"8":4},"b":{"0":[10,8],"1":[4,4]},"_coverageSchema":"332fd63041d2c1bcb487cc26dd0d5f7d97098a6c","hash":"550d815bc1f0433f413fbb6446422227e068182c","contentHash":"18b525253244526bb87808c9b9de4cb4_11.0.2"},"/Users/harmindervirk/workspace/dawn/edge-repos/edge/src/Tags/YieldTag.js":{"path":"/Users/harmindervirk/workspace/dawn/edge-repos/edge/src/Tags/YieldTag.js","statementMap":{"0":{"start":{"line":12,"column":16},"end":{"line":12,"column":36}},"1":{"start":{"line":24,"column":4},"end":{"line":24,"column":18}},"2":{"start":{"line":36,"column":4},"end":{"line":36,"column":15}},"3":{"start":{"line":54,"column":28},"end":{"line":54,"column":62}},"4":{"start":{"line":59,"column":4},"end":{"line":62,"column":5}},"5":{"start":{"line":60,"column":6},"end":{"line":60,"column":52}},"6":{"start":{"line":61,"column":6},"end":{"line":61,"column":12}},"7":{"start":{"line":69,"column":4},"end":{"line":69,"column":49}},"8":{"start":{"line":70,"column":4},"end":{"line":70,"column":19}},"9":{"start":{"line":71,"column":4},"end":{"line":71,"column":50}},"10":{"start":{"line":72,"column":4},"end":{"line":72,"column":19}},"11":{"start":{"line":77,"column":4},"end":{"line":77,"column":32}},"12":{"start":{"line":78,"column":4},"end":{"line":78,"column":19}},"13":{"start":{"line":79,"column":4},"end":{"line":79,"column":54}},"14":{"start":{"line":79,"column":30},"end":{"line":79,"column":53}},"15":{"start":{"line":80,"column":4},"end":{"line":80,"column":19}},"16":{"start":{"line":81,"column":4},"end":{"line":81,"column":25}},"17":{"start":{"line":93,"column":0},"end":{"line":93,"column":25}}},"fnMap":{"0":{"name":"(anonymous_0)","decl":{"start":{"line":23,"column":2},"end":{"line":23,"column":3}},"loc":{"start":{"line":23,"column":17},"end":{"line":25,"column":3}},"line":23},"1":{"name":"(anonymous_1)","decl":{"start":{"line":35,"column":2},"end":{"line":35,"column":3}},"loc":{"start":{"line":35,"column":17},"end":{"line":37,"column":3}},"line":35},"2":{"name":"(anonymous_2)","decl":{"start":{"line":53,"column":2},"end":{"line":53,"column":3}},"loc":{"start":{"line":53,"column":60},"end":{"line":82,"column":3}},"line":53},"3":{"name":"(anonymous_3)","decl":{"start":{"line":79,"column":19},"end":{"line":79,"column":20}},"loc":{"start":{"line":79,"column":30},"end":{"line":79,"column":53}},"line":79},"4":{"name":"(anonymous_4)","decl":{"start":{"line":89,"column":2},"end":{"line":89,"column":3}},"loc":{"start":{"line":89,"column":9},"end":{"line":90,"column":3}},"line":89}},"branchMap":{"0":{"loc":{"start":{"line":59,"column":4},"end":{"line":62,"column":5}},"type":"if","locations":[{"start":{"line":59,"column":4},"end":{"line":62,"column":5}},{"start":{"line":59,"column":4},"end":{"line":62,"column":5}}],"line":59}},"s":{"0":1,"1":266,"2":97,"3":2,"4":2,"5":1,"6":1,"7":1,"8":1,"9":1,"10":1,"11":1,"12":1,"13":1,"14":1,"15":1,"16":1,"17":1},"f":{"0":266,"1":97,"2":2,"3":1,"4":72},"b":{"0":[1,1]},"_coverageSchema":"332fd63041d2c1bcb487cc26dd0d5f7d97098a6c","hash":"29e12091b50cef39e70e04e804533626c6ae9d18","contentHash":"9de974ee03a2d66f4ed036e96a3d43d1_11.0.2"},"/Users/harmindervirk/workspace/dawn/edge-repos/edge/src/Tags/DebuggerTag.js":{"path":"/Users/harmindervirk/workspace/dawn/edge-repos/edge/src/Tags/DebuggerTag.js","statementMap":{"0":{"start":{"line":12,"column":16},"end":{"line":12,"column":36}},"1":{"start":{"line":32,"column":4},"end":{"line":32,"column":21}},"2":{"start":{"line":44,"column":4},"end":{"line":44,"column":16}},"3":{"start":{"line":62,"column":4},"end":{"line":62,"column":32}},"4":{"start":{"line":73,"column":0},"end":{"line":73,"column":28}}},"fnMap":{"0":{"name":"(anonymous_0)","decl":{"start":{"line":31,"column":2},"end":{"line":31,"column":3}},"loc":{"start":{"line":31,"column":17},"end":{"line":33,"column":3}},"line":31},"1":{"name":"(anonymous_1)","decl":{"start":{"line":43,"column":2},"end":{"line":43,"column":3}},"loc":{"start":{"line":43,"column":17},"end":{"line":45,"column":3}},"line":43},"2":{"name":"(anonymous_2)","decl":{"start":{"line":61,"column":2},"end":{"line":61,"column":3}},"loc":{"start":{"line":61,"column":62},"end":{"line":63,"column":3}},"line":61},"3":{"name":"(anonymous_3)","decl":{"start":{"line":69,"column":2},"end":{"line":69,"column":3}},"loc":{"start":{"line":69,"column":9},"end":{"line":70,"column":3}},"line":69}},"branchMap":{},"s":{"0":1,"1":266,"2":97,"3":0,"4":1},"f":{"0":266,"1":97,"2":0,"3":72},"b":{},"_coverageSchema":"332fd63041d2c1bcb487cc26dd0d5f7d97098a6c","hash":"4b5d5630c0ad0ee3ece9df797614fa56d3d7a339","contentHash":"93fd00283fa532ca145b3f282922f0a9_11.0.2"},"/Users/harmindervirk/workspace/dawn/edge-repos/edge/src/Tags/RawTag.js":{"path":"/Users/harmindervirk/workspace/dawn/edge-repos/edge/src/Tags/RawTag.js","statementMap":{"0":{"start":{"line":12,"column":16},"end":{"line":12,"column":36}},"1":{"start":{"line":32,"column":4},"end":{"line":32,"column":16}},"2":{"start":{"line":44,"column":4},"end":{"line":44,"column":15}},"3":{"start":{"line":59,"column":4},"end":{"line":66,"column":5}},"4":{"start":{"line":60,"column":21},"end":{"line":60,"column":32}},"5":{"start":{"line":61,"column":6},"end":{"line":63,"column":8}},"6":{"start":{"line":62,"column":8},"end":{"line":62,"column":45}},"7":{"start":{"line":64,"column":6},"end":{"line":64,"column":36}},"8":{"start":{"line":65,"column":6},"end":{"line":65,"column":30}},"9":{"start":{"line":67,"column":4},"end":{"line":67,"column":20}},"10":{"start":{"line":85,"column":4},"end":{"line":85,"column":77}},"11":{"start":{"line":85,"column":30},"end":{"line":85,"column":76}},"12":{"start":{"line":96,"column":0},"end":{"line":96,"column":23}}},"fnMap":{"0":{"name":"(anonymous_0)","decl":{"start":{"line":31,"column":2},"end":{"line":31,"column":3}},"loc":{"start":{"line":31,"column":17},"end":{"line":33,"column":3}},"line":31},"1":{"name":"(anonymous_1)","decl":{"start":{"line":43,"column":2},"end":{"line":43,"column":3}},"loc":{"start":{"line":43,"column":17},"end":{"line":45,"column":3}},"line":43},"2":{"name":"(anonymous_2)","decl":{"start":{"line":58,"column":2},"end":{"line":58,"column":3}},"loc":{"start":{"line":58,"column":22},"end":{"line":68,"column":3}},"line":58},"3":{"name":"(anonymous_3)","decl":{"start":{"line":61,"column":26},"end":{"line":61,"column":27}},"loc":{"start":{"line":61,"column":37},"end":{"line":63,"column":7}},"line":61},"4":{"name":"(anonymous_4)","decl":{"start":{"line":84,"column":2},"end":{"line":84,"column":3}},"loc":{"start":{"line":84,"column":62},"end":{"line":86,"column":3}},"line":84},"5":{"name":"(anonymous_5)","decl":{"start":{"line":85,"column":19},"end":{"line":85,"column":20}},"loc":{"start":{"line":85,"column":30},"end":{"line":85,"column":76}},"line":85},"6":{"name":"(anonymous_6)","decl":{"start":{"line":92,"column":2},"end":{"line":92,"column":3}},"loc":{"start":{"line":92,"column":9},"end":{"line":93,"column":3}},"line":92}},"branchMap":{"0":{"loc":{"start":{"line":59,"column":4},"end":{"line":66,"column":5}},"type":"if","locations":[{"start":{"line":59,"column":4},"end":{"line":66,"column":5}},{"start":{"line":59,"column":4},"end":{"line":66,"column":5}}],"line":59}},"s":{"0":1,"1":266,"2":97,"3":3,"4":1,"5":1,"6":1,"7":1,"8":1,"9":2,"10":2,"11":2,"12":1},"f":{"0":266,"1":97,"2":3,"3":1,"4":2,"5":2,"6":72},"b":{"0":[1,2]},"_coverageSchema":"332fd63041d2c1bcb487cc26dd0d5f7d97098a6c","hash":"721803452dda8259fbf933b4c8128cf30ef7ed77","contentHash":"159eafe7efd4ba6b530698de49a5b842_11.0.2"},"/Users/harmindervirk/workspace/dawn/edge-repos/edge/src/Tags/UnlessTag.js":{"path":"/Users/harmindervirk/workspace/dawn/edge-repos/edge/src/Tags/UnlessTag.js","statementMap":{"0":{"start":{"line":12,"column":16},"end":{"line":12,"column":36}},"1":{"start":{"line":31,"column":4},"end":{"line":31,"column":19}},"2":{"start":{"line":43,"column":4},"end":{"line":43,"column":15}},"3":{"start":{"line":56,"column":4},"end":{"line":56,"column":113}},"4":{"start":{"line":74,"column":30},"end":{"line":74,"column":87}},"5":{"start":{"line":79,"column":4},"end":{"line":79,"column":54}},"6":{"start":{"line":80,"column":4},"end":{"line":80,"column":19}},"7":{"start":{"line":85,"column":4},"end":{"line":85,"column":56}},"8":{"start":{"line":85,"column":30},"end":{"line":85,"column":55}},"9":{"start":{"line":90,"column":4},"end":{"line":90,"column":19}},"10":{"start":{"line":91,"column":4},"end":{"line":91,"column":25}},"11":{"start":{"line":104,"column":0},"end":{"line":104,"column":26}}},"fnMap":{"0":{"name":"(anonymous_0)","decl":{"start":{"line":30,"column":2},"end":{"line":30,"column":3}},"loc":{"start":{"line":30,"column":17},"end":{"line":32,"column":3}},"line":30},"1":{"name":"(anonymous_1)","decl":{"start":{"line":42,"column":2},"end":{"line":42,"column":3}},"loc":{"start":{"line":42,"column":17},"end":{"line":44,"column":3}},"line":42},"2":{"name":"(anonymous_2)","decl":{"start":{"line":55,"column":2},"end":{"line":55,"column":3}},"loc":{"start":{"line":55,"column":28},"end":{"line":57,"column":3}},"line":55},"3":{"name":"(anonymous_3)","decl":{"start":{"line":73,"column":2},"end":{"line":73,"column":3}},"loc":{"start":{"line":73,"column":62},"end":{"line":92,"column":3}},"line":73},"4":{"name":"(anonymous_4)","decl":{"start":{"line":85,"column":19},"end":{"line":85,"column":20}},"loc":{"start":{"line":85,"column":30},"end":{"line":85,"column":55}},"line":85},"5":{"name":"(anonymous_5)","decl":{"start":{"line":100,"column":2},"end":{"line":100,"column":3}},"loc":{"start":{"line":100,"column":9},"end":{"line":101,"column":3}},"line":100}},"branchMap":{},"s":{"0":1,"1":268,"2":97,"3":12,"4":12,"5":10,"6":10,"7":10,"8":12,"9":10,"10":10,"11":1},"f":{"0":268,"1":97,"2":12,"3":12,"4":12,"5":72},"b":{},"_coverageSchema":"332fd63041d2c1bcb487cc26dd0d5f7d97098a6c","hash":"6785f3f685200d391e0a296370323e0693ea0332","contentHash":"02d9d36d5d29780dffea2d8f000f156b_11.0.2"},"/Users/harmindervirk/workspace/dawn/edge-repos/edge/src/Globals/index.js":{"path":"/Users/harmindervirk/workspace/dawn/edge-repos/edge/src/Globals/index.js","statementMap":{"0":{"start":{"line":12,"column":10},"end":{"line":12,"column":27}},"1":{"start":{"line":13,"column":18},"end":{"line":13,"column":38}},"2":{"start":{"line":27,"column":14},"end":{"line":29,"column":1}},"3":{"start":{"line":28,"column":2},"end":{"line":28,"column":28}},"4":{"start":{"line":49,"column":14},"end":{"line":51,"column":1}},"5":{"start":{"line":50,"column":2},"end":{"line":50,"column":29}},"6":{"start":{"line":64,"column":15},"end":{"line":66,"column":1}},"7":{"start":{"line":65,"column":2},"end":{"line":65,"column":44}},"8":{"start":{"line":77,"column":14},"end":{"line":79,"column":1}},"9":{"start":{"line":78,"column":2},"end":{"line":78,"column":28}},"10":{"start":{"line":90,"column":13},"end":{"line":92,"column":1}},"11":{"start":{"line":91,"column":2},"end":{"line":91,"column":27}},"12":{"start":{"line":104,"column":16},"end":{"line":106,"column":1}},"13":{"start":{"line":105,"column":2},"end":{"line":105,"column":37}},"14":{"start":{"line":118,"column":13},"end":{"line":120,"column":1}},"15":{"start":{"line":119,"column":2},"end":{"line":119,"column":22}},"16":{"start":{"line":141,"column":11},"end":{"line":145,"column":1}},"17":{"start":{"line":142,"column":2},"end":{"line":144,"column":5}},"18":{"start":{"line":143,"column":4},"end":{"line":143,"column":39}},"19":{"start":{"line":156,"column":18},"end":{"line":158,"column":1}},"20":{"start":{"line":157,"column":2},"end":{"line":157,"column":27}},"21":{"start":{"line":169,"column":18},"end":{"line":171,"column":1}},"22":{"start":{"line":170,"column":2},"end":{"line":170,"column":27}},"23":{"start":{"line":182,"column":18},"end":{"line":184,"column":1}},"24":{"start":{"line":183,"column":2},"end":{"line":183,"column":27}},"25":{"start":{"line":195,"column":19},"end":{"line":197,"column":1}},"26":{"start":{"line":196,"column":2},"end":{"line":196,"column":28}},"27":{"start":{"line":208,"column":19},"end":{"line":210,"column":1}},"28":{"start":{"line":209,"column":2},"end":{"line":209,"column":28}},"29":{"start":{"line":221,"column":19},"end":{"line":223,"column":1}},"30":{"start":{"line":222,"column":2},"end":{"line":222,"column":27}},"31":{"start":{"line":236,"column":17},"end":{"line":241,"column":1}},"32":{"start":{"line":237,"column":2},"end":{"line":240,"column":4}},"33":{"start":{"line":253,"column":17},"end":{"line":255,"column":1}},"34":{"start":{"line":254,"column":2},"end":{"line":254,"column":53}},"35":{"start":{"line":266,"column":18},"end":{"line":268,"column":1}},"36":{"start":{"line":267,"column":2},"end":{"line":267,"column":23}},"37":{"start":{"line":270,"column":0},"end":{"line":288,"column":1}}},"fnMap":{"0":{"name":"(anonymous_0)","decl":{"start":{"line":27,"column":14},"end":{"line":27,"column":15}},"loc":{"start":{"line":27,"column":36},"end":{"line":29,"column":1}},"line":27},"1":{"name":"(anonymous_1)","decl":{"start":{"line":49,"column":14},"end":{"line":49,"column":15}},"loc":{"start":{"line":49,"column":37},"end":{"line":51,"column":1}},"line":49},"2":{"name":"(anonymous_2)","decl":{"start":{"line":64,"column":15},"end":{"line":64,"column":16}},"loc":{"start":{"line":64,"column":44},"end":{"line":66,"column":1}},"line":64},"3":{"name":"(anonymous_3)","decl":{"start":{"line":77,"column":14},"end":{"line":77,"column":15}},"loc":{"start":{"line":77,"column":36},"end":{"line":79,"column":1}},"line":77},"4":{"name":"(anonymous_4)","decl":{"start":{"line":90,"column":13},"end":{"line":90,"column":14}},"loc":{"start":{"line":90,"column":35},"end":{"line":92,"column":1}},"line":90},"5":{"name":"(anonymous_5)","decl":{"start":{"line":104,"column":16},"end":{"line":104,"column":17}},"loc":{"start":{"line":104,"column":45},"end":{"line":106,"column":1}},"line":104},"6":{"name":"(anonymous_6)","decl":{"start":{"line":118,"column":13},"end":{"line":118,"column":14}},"loc":{"start":{"line":118,"column":30},"end":{"line":120,"column":1}},"line":118},"7":{"name":"(anonymous_7)","decl":{"start":{"line":141,"column":11},"end":{"line":141,"column":12}},"loc":{"start":{"line":141,"column":36},"end":{"line":145,"column":1}},"line":141},"8":{"name":"(anonymous_8)","decl":{"start":{"line":142,"column":51},"end":{"line":142,"column":52}},"loc":{"start":{"line":142,"column":69},"end":{"line":144,"column":3}},"line":142},"9":{"name":"(anonymous_9)","decl":{"start":{"line":156,"column":18},"end":{"line":156,"column":19}},"loc":{"start":{"line":156,"column":35},"end":{"line":158,"column":1}},"line":156},"10":{"name":"(anonymous_10)","decl":{"start":{"line":169,"column":18},"end":{"line":169,"column":19}},"loc":{"start":{"line":169,"column":35},"end":{"line":171,"column":1}},"line":169},"11":{"name":"(anonymous_11)","decl":{"start":{"line":182,"column":18},"end":{"line":182,"column":19}},"loc":{"start":{"line":182,"column":35},"end":{"line":184,"column":1}},"line":182},"12":{"name":"(anonymous_12)","decl":{"start":{"line":195,"column":19},"end":{"line":195,"column":20}},"loc":{"start":{"line":195,"column":36},"end":{"line":197,"column":1}},"line":195},"13":{"name":"(anonymous_13)","decl":{"start":{"line":208,"column":19},"end":{"line":208,"column":20}},"loc":{"start":{"line":208,"column":36},"end":{"line":210,"column":1}},"line":208},"14":{"name":"(anonymous_14)","decl":{"start":{"line":221,"column":19},"end":{"line":221,"column":20}},"loc":{"start":{"line":221,"column":36},"end":{"line":223,"column":1}},"line":221},"15":{"name":"(anonymous_15)","decl":{"start":{"line":236,"column":17},"end":{"line":236,"column":18}},"loc":{"start":{"line":236,"column":53},"end":{"line":241,"column":1}},"line":236},"16":{"name":"(anonymous_16)","decl":{"start":{"line":253,"column":17},"end":{"line":253,"column":18}},"loc":{"start":{"line":253,"column":45},"end":{"line":255,"column":1}},"line":253},"17":{"name":"(anonymous_17)","decl":{"start":{"line":266,"column":18},"end":{"line":266,"column":19}},"loc":{"start":{"line":266,"column":33},"end":{"line":268,"column":1}},"line":266}},"branchMap":{"0":{"loc":{"start":{"line":64,"column":32},"end":{"line":64,"column":42}},"type":"default-arg","locations":[{"start":{"line":64,"column":41},"end":{"line":64,"column":42}}],"line":64},"1":{"loc":{"start":{"line":253,"column":32},"end":{"line":253,"column":43}},"type":"default-arg","locations":[{"start":{"line":253,"column":40},"end":{"line":253,"column":43}}],"line":253}},"s":{"0":1,"1":1,"2":1,"3":0,"4":1,"5":0,"6":1,"7":0,"8":1,"9":0,"10":1,"11":0,"12":1,"13":0,"14":1,"15":1,"16":1,"17":3,"18":6,"19":1,"20":0,"21":1,"22":0,"23":1,"24":0,"25":1,"26":0,"27":1,"28":0,"29":1,"30":0,"31":1,"32":0,"33":1,"34":2,"35":1,"36":1,"37":1},"f":{"0":0,"1":0,"2":0,"3":0,"4":0,"5":0,"6":1,"7":3,"8":6,"9":0,"10":0,"11":0,"12":0,"13":0,"14":0,"15":0,"16":2,"17":1},"b":{"0":[0],"1":[1]},"_coverageSchema":"332fd63041d2c1bcb487cc26dd0d5f7d97098a6c","hash":"30b8cf368d7ffde2a4e1214fc11d6cd45936350d","contentHash":"201797de24f822e6dc2f9f668d7ef030_11.0.2"},"/Users/harmindervirk/workspace/dawn/edge-repos/edge/test-helpers/transform-tags.js":{"path":"/Users/harmindervirk/workspace/dawn/edge-repos/edge/test-helpers/transform-tags.js","statementMap":{"0":{"start":{"line":11,"column":10},"end":{"line":11,"column":27}},"1":{"start":{"line":12,"column":0},"end":{"line":22,"column":1}},"2":{"start":{"line":13,"column":2},"end":{"line":21,"column":8}},"3":{"start":{"line":14,"column":4},"end":{"line":19,"column":5}},"4":{"start":{"line":20,"column":4},"end":{"line":20,"column":17}}},"fnMap":{"0":{"name":"(anonymous_0)","decl":{"start":{"line":12,"column":17},"end":{"line":12,"column":18}},"loc":{"start":{"line":12,"column":40},"end":{"line":22,"column":1}},"line":12},"1":{"name":"(anonymous_1)","decl":{"start":{"line":13,"column":33},"end":{"line":13,"column":34}},"loc":{"start":{"line":13,"column":50},"end":{"line":21,"column":3}},"line":13}},"branchMap":{},"s":{"0":1,"1":1,"2":25,"3":300,"4":300},"f":{"0":25,"1":300},"b":{},"_coverageSchema":"332fd63041d2c1bcb487cc26dd0d5f7d97098a6c","hash":"eb90cecf0976d555e8585af95b29173c6a8a079b","contentHash":"60524add0176354af62ed5c8900eff78_11.0.2"},"/Users/harmindervirk/workspace/dawn/edge-repos/edge/test-helpers/presenters/User.js":{"path":"/Users/harmindervirk/workspace/dawn/edge-repos/edge/test-helpers/presenters/User.js","statementMap":{"0":{"start":{"line":5,"column":4},"end":{"line":5,"column":21}},"1":{"start":{"line":9,"column":4},"end":{"line":9,"column":44}},"2":{"start":{"line":13,"column":0},"end":{"line":13,"column":30}}},"fnMap":{"0":{"name":"(anonymous_0)","decl":{"start":{"line":4,"column":2},"end":{"line":4,"column":3}},"loc":{"start":{"line":4,"column":21},"end":{"line":6,"column":3}},"line":4},"1":{"name":"(anonymous_1)","decl":{"start":{"line":8,"column":2},"end":{"line":8,"column":3}},"loc":{"start":{"line":8,"column":18},"end":{"line":10,"column":3}},"line":8}},"branchMap":{},"s":{"0":4,"1":4,"2":4},"f":{"0":4,"1":4},"b":{},"_coverageSchema":"332fd63041d2c1bcb487cc26dd0d5f7d97098a6c","hash":"bf74c7a5164d4fbdd3e90ad4a258e5e5a7a8a6ab","contentHash":"88f73dd78c3ae72e99fe44e59370d6dd_11.0.2"}}